#
# A fatal error has been detected by the Java Runtime Environment:
#
#  Internal Error (jvmciRuntime.cpp:1609), pid=14724, tid=14738
#  fatal error: Fatal exception in JVMCI: Error calling jdk.vm.ci.services.Services.serializeSavedProperties
#
# JRE version: OpenJDK Runtime Environment GraalVM CE 22.3.0 (17.0.5+8) (build 17.0.5+8-jvmci-22.3-b08)
# Java VM: OpenJDK 64-Bit Server VM GraalVM CE 22.3.0 (17.0.5+8-jvmci-22.3-b08, mixed mode, sharing, tiered, jvmci, jvmci compiler, compressed oops, compressed class ptrs, parallel gc, linux-amd64)
# Problematic frame:
# V  [libjvm.so+0x972714]  JVMCIRuntime::fatal_exception(JVMCIEnv*, char const*)+0x74
#
# Core dump will be written. Default location: Core dumps may be processed with "/usr/share/apport/apport -p%p -s%s -c%c -d%d -P%P -u%u -g%g -- %E" (or dumping to /home/runner/JavaProgram/core.14724)
#
# If you would like to submit a bug report, please visit:
#   https://github.com/oracle/graal/issues
#

---------------  S U M M A R Y ------------

Command Line: -XX:ThreadPriorityPolicy=1 -XX:+UnlockExperimentalVMOptions -XX:+EnableJVMCIProduct -XX:JVMCIThreadsPerNativeLibraryRuntime=1 -XX:-UnlockExperimentalVMOptions -Declipse.application=org.eclipse.jdt.ls.core.id1 -Dosgi.bundles.defaultStartLevel=4 -Declipse.product=org.eclipse.jdt.ls.core.product -Dlog.level=ALL -Xverify:none -XX:+UseParallelGC -XX:GCTimeRatio=4 -XX:AdaptiveSizePolicyWeight=90 -Dsun.zip.disableMemoryMapping=true -Xmx512m -Xms100m /nix/store/m6gcpi1ii6rghy04cjwjddcavv7i90df-jdt-language-server-1.9.0/share/java/plugins/org.eclipse.equinox.launcher_1.6.400.v20210924-0641.jar --add-modules=ALL-SYSTEM --add-opens java.base/java.util=ALL-UNNAMED --add-opens java.base/java.lang=ALL-UNNAMED -configuration /home/runner/.cache/jdt-language-server/config -data /home/runner/.cache/jdt-language-server/data/home/runner/JavaProgram

Host: AMD EPYC 7B13, 4 cores, 1G, Ubuntu 20.04.2 LTS
Time: Sun Apr 16 12:00:57 2023 UTC elapsed time: 1172.577962 seconds (0d 0h 19m 32s)

---------------  T H R E A D  ---------------

Current thread (0x00007fb4ec0b2210):  JavaThread "JVMCI-native CompilerThread0" daemon [_thread_in_vm, id=14738, stack(0x00007fb4f0a1a000,0x00007fb4f0c1a000)]


Current CompileTask:
JVMCI-native:1172578 8573       4       java.lang.ClassLoader::loadClass (7 bytes)

Stack: [0x00007fb4f0a1a000,0x00007fb4f0c1a000],  sp=0x00007fb4f0c18380,  free space=2040k
Native frames: (J=compiled Java code, j=interpreted, Vv=VM code, C=native code)
V  [libjvm.so+0x972714]  JVMCIRuntime::fatal_exception(JVMCIEnv*, char const*)+0x74
V  [libjvm.so+0x93e2fe]  JVMCIEnv::copy_saved_properties()+0x14e
V  [libjvm.so+0x9732a9]  JVMCIRuntime::initialize(JVMCIEnv*)+0xb19
V  [libjvm.so+0x9738a2]  JVMCIRuntime::get_HotSpotJVMCIRuntime(JVMCIEnv*)+0x12
V  [libjvm.so+0x9749f2]  JVMCIRuntime::compile_method(JVMCIEnv*, JVMCICompiler*, methodHandle const&, int)+0xd2
V  [libjvm.so+0x5b0d20]  CompileBroker::invoke_compiler_on_method(CompileTask*)+0x1470
V  [libjvm.so+0x5b12e8]  CompileBroker::compiler_thread_loop()+0x528
V  [libjvm.so+0xd82460]  JavaThread::thread_main_inner()+0xd0
V  [libjvm.so+0xd85a40]  Thread::call_run()+0xc0
V  [libjvm.so+0xbdb1e1]  thread_native_entry(Thread*)+0xe1

Register to memory mapping:

RAX=0x00007fb4f3b88000 points into unknown readable memory: 0x0000000000000058 | 58 00 00 00 00 00 00 00
RBX=0x00007fb4f4c83398: <offset 0x0000000000ef5398> in /nix/store/gpxl5qgg8kicmcvivwmybwjlpf7wh20l-graalvm17-ce-22.3.0/lib/server/libjvm.so at 0x00007fb4f3d8e000
RCX=0x00007fb4f4c3b1e8: <offset 0x0000000000ead1e8> in /nix/store/gpxl5qgg8kicmcvivwmybwjlpf7wh20l-graalvm17-ce-22.3.0/lib/server/libjvm.so at 0x00007fb4f3d8e000
RDX=0x0000000000000649 is an unknown value
RSP=0x00007fb4f0c18380 is pointing into the stack for thread: 0x00007fb4ec0b2210
RBP=0x00007fb4f0c183a0 is pointing into the stack for thread: 0x00007fb4ec0b2210
RSI=0x00007fb4f4c83c48: <offset 0x0000000000ef5c48> in /nix/store/gpxl5qgg8kicmcvivwmybwjlpf7wh20l-graalvm17-ce-22.3.0/lib/server/libjvm.so at 0x00007fb4f3d8e000
RDI=0x00000000e0000000 is an oop: [B 
{0x00000000e0000000} - klass: {type array byte}
 - length: 44
R8 =0x00007fb4f4c83398: <offset 0x0000000000ef5398> in /nix/store/gpxl5qgg8kicmcvivwmybwjlpf7wh20l-graalvm17-ce-22.3.0/lib/server/libjvm.so at 0x00007fb4f3d8e000
R9 =0x00007fb4f0c18330 is pointing into the stack for thread: 0x00007fb4ec0b2210
R10=0x00007fb4f0c19948 is pointing into the stack for thread: 0x00007fb4ec0b2210
R11=0x0000000000000293 is an unknown value
R12=0x0 is NULL
R13=0x00007fb4ec0b2210 is a thread
R14=0x00007fb4ec000b80 points into unknown readable memory: 0x00007fb4f4eb4a38 | 38 4a eb f4 b4 7f 00 00
R15=0x00007fb4f4fc2e40: <offset 0x0000000001234e40> in /nix/store/gpxl5qgg8kicmcvivwmybwjlpf7wh20l-graalvm17-ce-22.3.0/lib/server/libjvm.so at 0x00007fb4f3d8e000


Registers:
RAX=0x00007fb4f3b88000, RBX=0x00007fb4f4c83398, RCX=0x00007fb4f4c3b1e8, RDX=0x0000000000000649
RSP=0x00007fb4f0c18380, RBP=0x00007fb4f0c183a0, RSI=0x00007fb4f4c83c48, RDI=0x00000000e0000000
R8 =0x00007fb4f4c83398, R9 =0x00007fb4f0c18330, R10=0x00007fb4f0c19948, R11=0x0000000000000293
R12=0x0000000000000000, R13=0x00007fb4ec0b2210, R14=0x00007fb4ec000b80, R15=0x00007fb4f4fc2e40
RIP=0x00007fb4f4700714, EFLAGS=0x0000000000010206, CSGSFS=0x002b000000000033, ERR=0x0000000000000006
  TRAPNO=0x000000000000000e

Top of Stack: (sp=0x00007fb4f0c18380)
0x00007fb4f0c18380:   00007fb4f0c18940 00007fb4ec0b2210
0x00007fb4f0c18390:   00007fb4f25198c8 0000000800c417a0
0x00007fb4f0c183a0:   00007fb4f0c18500 00007fb4f46cc2fe
0x00007fb4f0c183b0:   00007fb4f0c183e0 00007fb4f0c18440 

Instructions: (pc=0x00007fb4f4700714)
0x00007fb4f4700614:   30 e8 f6 cf e8 ff 4c 89 e7 e8 2e 48 d1 ff 84 db
0x00007fb4f4700624:   75 2a 4d 85 ed 74 04 4d 8b 6d 00 48 83 c4 08 44
0x00007fb4f4700634:   89 f9 4c 89 f2 4c 89 ee 5b 4c 89 e7 41 5c 41 5d
0x00007fb4f4700644:   41 5e 41 5f 5d e9 e2 47 d1 ff 66 90 48 83 c4 08
0x00007fb4f4700654:   5b 41 5c 41 5d 41 5e 41 5f 5d c3 90 31 d2 be 08
0x00007fb4f4700664:   00 00 00 4c 89 ff e8 b1 78 a3 ff 49 89 c5 e9 37
0x00007fb4f4700674:   ff ff ff 66 0f 1f 84 00 00 00 00 00 48 8b 7a 08
0x00007fb4f4700684:   e9 6d ff ff ff 0f 1f 80 00 00 00 00 e8 5b 48 0a
0x00007fb4f4700694:   00 84 c0 75 89 e9 6a ff ff ff 66 90 55 48 89 e5
0x00007fb4f47006a4:   41 56 41 55 41 54 49 89 fc 53 48 89 f3 66 48 8d
0x00007fb4f47006b4:   3d 27 5e 85 00 66 66 48 e8 df 43 8d ff 4c 8b 28
0x00007fb4f47006c4:   8b 05 be 72 8a 00 85 c0 75 14 ba 01 00 00 00 48
0x00007fb4f47006d4:   8d 0d ae 72 8a 00 f0 0f b1 11 85 c0 74 4e be c8
0x00007fb4f47006e4:   00 00 00 4c 89 ef e8 01 0b 41 00 48 8d 05 12 ac
0x00007fb4f47006f4:   85 00 49 89 d8 48 8d 0d e8 aa 53 00 ba 49 06 00
0x00007fb4f4700704:   00 48 8d 35 3c 35 58 00 bf 00 00 00 e0 48 8b 00
0x00007fb4f4700714:   c6 00 58 31 c0 e8 e2 91 c6 ff 5b 41 5c 41 5d 41
0x00007fb4f4700724:   5e 5d e9 55 34 26 00 0f 1f 44 00 00 48 8d 05 81
0x00007fb4f4700734:   a3 8b 00 48 89 df 4c 8b 30 e8 9e 43 8d ff 48 89
0x00007fb4f4700744:   de 48 89 c2 49 8b 06 4c 89 f7 ff 50 08 4c 89 f7
0x00007fb4f4700754:   e8 a7 5c 27 00 4d 85 e4 74 12 be 01 00 00 00 4c
0x00007fb4f4700764:   89 e7 e8 35 43 fc ff eb 82 0f 1f 00 be 01 00 00
0x00007fb4f4700774:   00 4c 89 ef e8 d3 fd ff ff e9 6d ff ff ff 66 66
0x00007fb4f4700784:   2e 0f 1f 84 00 00 00 00 00 0f 1f 00 55 48 89 e5
0x00007fb4f4700794:   41 57 41 56 41 55 41 54 53 48 81 ec 08 02 00 00
0x00007fb4f47007a4:   64 48 8b 04 25 28 00 00 00 48 89 45 c8 8b 07 83
0x00007fb4f47007b4:   f8 02 0f 84 11 04 00 00 4c 8b 6f 18 49 89 ff 49
0x00007fb4f47007c4:   89 f4 4d 85 ed 74 14 4c 89 ef e8 5d 57 22 00 41
0x00007fb4f47007d4:   8b 07 83 f8 02 0f 84 19 04 00 00 48 8d 1d 9a 06
0x00007fb4f47007e4:   8a 00 4c 8d 35 0b 3c 58 00 eb 38 90 48 85 d2 7f
0x00007fb4f47007f4:   0d 48 8d 05 b4 c0 85 00 48 83 38 00 7e 0e 41 8b
0x00007fb4f4700804:   77 2c 4c 89 f7 31 c0 e8 a0 b2 f7 ff 49 8b 7f 18 


Stack slot to memory mapping:
stack at sp + 0 slots: 0x00007fb4f0c18940 is pointing into the stack for thread: 0x00007fb4ec0b2210
stack at sp + 1 slots: 0x00007fb4ec0b2210 is a thread
stack at sp + 2 slots: 0x00007fb4f25198c8 points into unknown readable memory: 0x65730018052dffff | ff ff 2d 05 18 00 73 65
stack at sp + 3 slots: 0x0000000800c417a0 is a pointer to class: 
jdk.vm.ci.services.Services {0x0000000800c417a0}
 - instance size:     2
 - klass size:        65
 - access:            public final synchronized 
 - state:             fully_initialized
 - name:              'jdk/vm/ci/services/Services'
 - super:             'java/lang/Object'
 - sub:               
 - arrays:            NULL
 - methods:           Array<T>(0x00007fb4f143f2c0)
 - method ordering:   Array<T>(0x0000000800928960)
 - default_methods:   Array<T>(0x0000000000000000)
 - local interfaces:  Array<T>(0x00000008005ce810)
 - trans. interfaces: Array<T>(0x00000008005ce810)
 - constants:         constant pool [427] {0x00007fb4f143e158} for 'jdk/vm/ci/services/Services' cache=0x00007fb4f1440750
 - class loader data:  loader data: 0x00007fb4ec0283f0 of 'bootstrap'
 - source file:       'Services.java'
 - class annotations:       Array<T>(0x0000000000000000)
 - class type annotations:  Array<T>(0x0000000000000000)
 - field annotations:       Array<T>(0x0000000000000000)
 - field type annotations:  Array<T>(0x0000000000000000)
 - inner classes:     Array<T>(0x00007fb4f1440608)
 - nest members:     Array<T>(0x00007fb4f1440628)
 - permitted subclasses:     Array<T>(0x00000008005ce7a0)
 - java mirror:       a 'java/lang/Class'{0x00000000e02b4f48} = 'jdk/vm/ci/services/Services'
 - vtable length      5  (start addr: 0x0000000800c41970)
 - itable length      2 (start addr: 0x0000000800c41998)
 - ---- static fields (3 words):
 - public static final 'IS_BUILDING_NATIVE_IMAGE' 'Z' @128 
 - public static final 'IS_IN_NATIVE_IMAGE' 'Z' @129 
 - private static volatile 'savedProperties' 'Ljava/util/Map;' @112 
 - static final 'JVMCI_ENABLED' 'Z' @130 
 - private static final 'servicesCache' 'Ljava/util/Map;' @116 
 - private static final 'MAX_UNICODE_IN_UTF8_LENGTH' 'I' @120 
 - private static final 'MAX_UTF8_PROPERTY_STRING_LENGTH' 'I' @124 
 - ---- non-static fields (0 words):
 - non-static oop maps: 
stack at sp + 4 slots: 0x00007fb4f0c18500 is pointing into the stack for thread: 0x00007fb4ec0b2210
stack at sp + 5 slots: 0x00007fb4f46cc2fe: <offset 0x000000000093e2fe> in /nix/store/gpxl5qgg8kicmcvivwmybwjlpf7wh20l-graalvm17-ce-22.3.0/lib/server/libjvm.so at 0x00007fb4f3d8e000
stack at sp + 6 slots: 0x00007fb4f0c183e0 is pointing into the stack for thread: 0x00007fb4ec0b2210
stack at sp + 7 slots: 0x00007fb4f0c18440 is pointing into the stack for thread: 0x00007fb4ec0b2210


---------------  P R O C E S S  ---------------

Threads class SMR info:
_java_thread_list=0x00007fb48805e900, length=36, elements={
0x00007fb4ec026690, 0x00007fb4ec0a64d0, 0x00007fb4ec0a7910, 0x00007fb4ec0ae080,
0x00007fb4ec0af430, 0x00007fb4ec0b0820, 0x00007fb4ec0b2210, 0x00007fb4ec0b3720,
0x00007fb4ec0b4b70, 0x00007fb4ec0d7f40, 0x00007fb4ec11ff70, 0x00007fb4ec2d5530,
0x00007fb4ec308780, 0x00007fb4ec30b930, 0x00007fb48402f400, 0x00007fb484445690,
0x00007fb4700010d0, 0x00007fb4846b07e0, 0x00007fb484850c50, 0x00007fb4ec3671b0,
0x00007fb4ec3f6500, 0x00007fb4880016c0, 0x00007fb47c15ed40, 0x00007fb47c15d110,
0x00007fb47c161880, 0x00007fb47c161e00, 0x00007fb47c162ad0, 0x00007fb47c116ae0,
0x00007fb47c15fc40, 0x00007fb47c117f80, 0x00007fb47c118ec0, 0x00007fb47c11ab90,
0x00007fb4742f6400, 0x00007fb474000ff0, 0x00007fb47c11ba00, 0x00007fb488097990
}

Java Threads: ( => current thread )
  0x00007fb4ec026690 JavaThread "main" [_thread_blocked, id=14730, stack(0x00007fb4f3ba9000,0x00007fb4f3ca9000)]
  0x00007fb4ec0a64d0 JavaThread "Reference Handler" daemon [_thread_blocked, id=14733, stack(0x00007fb4f1300000,0x00007fb4f1400000)]
  0x00007fb4ec0a7910 JavaThread "Finalizer" daemon [_thread_blocked, id=14734, stack(0x00007fb4f1200000,0x00007fb4f1300000)]
  0x00007fb4ec0ae080 JavaThread "Signal Dispatcher" daemon [_thread_blocked, id=14735, stack(0x00007fb4f0e1a000,0x00007fb4f0f1a000)]
  0x00007fb4ec0af430 JavaThread "Service Thread" daemon [_thread_blocked, id=14736, stack(0x00007fb4f0d1a000,0x00007fb4f0e1a000)]
  0x00007fb4ec0b0820 JavaThread "Monitor Deflation Thread" daemon [_thread_blocked, id=14737, stack(0x00007fb4f0c1a000,0x00007fb4f0d1a000)]
=>0x00007fb4ec0b2210 JavaThread "JVMCI-native CompilerThread0" daemon [_thread_in_vm, id=14738, stack(0x00007fb4f0a1a000,0x00007fb4f0c1a000)]
  0x00007fb4ec0b3720 JavaThread "C1 CompilerThread0" daemon [_thread_blocked, id=14739, stack(0x00007fb4f081a000,0x00007fb4f0a1a000)]
  0x00007fb4ec0b4b70 JavaThread "Sweeper thread" daemon [_thread_blocked, id=14740, stack(0x00007fb4f071a000,0x00007fb4f081a000)]
  0x00007fb4ec0d7f40 JavaThread "Common-Cleaner" daemon [_thread_blocked, id=14741, stack(0x00007fb4f061a000,0x00007fb4f071a000)]
  0x00007fb4ec11ff70 JavaThread "Notification Thread" daemon [_thread_blocked, id=14743, stack(0x00007fb4f051a000,0x00007fb4f061a000)]
  0x00007fb4ec2d5530 JavaThread "Active Thread: Equinox Container: 4045a2c0-7164-4682-83c8-e21c80997550" [_thread_blocked, id=14773, stack(0x00007fb4f0200000,0x00007fb4f0300000)]
  0x00007fb4ec308780 JavaThread "Framework Event Dispatcher: Equinox Container: 4045a2c0-7164-4682-83c8-e21c80997550" daemon [_thread_blocked, id=14790, stack(0x00007fb4f0000000,0x00007fb4f0100000)]
  0x00007fb4ec30b930 JavaThread "Start Level: Equinox Container: 4045a2c0-7164-4682-83c8-e21c80997550" daemon [_thread_blocked, id=14791, stack(0x00007fb4d33b3000,0x00007fb4d34b3000)]
  0x00007fb48402f400 JavaThread "SCR Component Actor" daemon [_thread_blocked, id=14793, stack(0x00007fb4d0f00000,0x00007fb4d1000000)]
  0x00007fb484445690 JavaThread "Worker-JM" [_thread_blocked, id=14830, stack(0x00007fb4d0b00000,0x00007fb4d0c00000)]
  0x00007fb4700010d0 JavaThread "Worker-1: Compacting resource model" [_thread_blocked, id=14832, stack(0x00007fb4d0700000,0x00007fb4d0800000)]
  0x00007fb4846b07e0 JavaThread "Java indexing" daemon [_thread_blocked, id=14842, stack(0x00007fb4d0300000,0x00007fb4d0400000)]
  0x00007fb484850c50 JavaThread "Bundle File Closer" daemon [_thread_blocked, id=14843, stack(0x00007fb4d0100000,0x00007fb4d0200000)]
  0x00007fb4ec3671b0 JavaThread "pool-3-thread-1" [_thread_blocked, id=14844, stack(0x00007fb49ad00000,0x00007fb49ae00000)]
  0x00007fb4ec3f6500 JavaThread "pool-2-thread-1" [_thread_blocked, id=14852, stack(0x00007fb49ab00000,0x00007fb49ac00000)]
  0x00007fb4880016c0 JavaThread "Worker-4: Java indexing... " [_thread_blocked, id=14855, stack(0x00007fb49a900000,0x00007fb49aa00000)]
  0x00007fb47c15ed40 JavaThread "Thread-5" [_thread_blocked, id=14912, stack(0x00007fb49a100000,0x00007fb49a200000)]
  0x00007fb47c15d110 JavaThread "Thread-9" [_thread_blocked, id=14946, stack(0x00007fb49a500000,0x00007fb49a600000)]
  0x00007fb47c161880 JavaThread "Thread-10" [_thread_blocked, id=14948, stack(0x00007fb499f00000,0x00007fb49a000000)]
  0x00007fb47c161e00 JavaThread "Thread-11" [_thread_blocked, id=14949, stack(0x00007fb4f0100000,0x00007fb4f0200000)]
  0x00007fb47c162ad0 JavaThread "Thread-12" [_thread_blocked, id=14958, stack(0x00007fb4d0c00000,0x00007fb4d0d00000)]
  0x00007fb47c116ae0 JavaThread "Thread-13" [_thread_blocked, id=14964, stack(0x00007fb4d0800000,0x00007fb4d0900000)]
  0x00007fb47c15fc40 JavaThread "Thread-14" [_thread_blocked, id=14970, stack(0x00007fb49a300000,0x00007fb49a400000)]
  0x00007fb47c117f80 JavaThread "Thread-15" [_thread_blocked, id=14979, stack(0x00007fb4d0400000,0x00007fb4d0500000)]
  0x00007fb47c118ec0 JavaThread "Thread-16" [_thread_blocked, id=14980, stack(0x00007fb49a800000,0x00007fb49a900000)]
  0x00007fb47c11ab90 JavaThread "Thread-17" [_thread_blocked, id=14981, stack(0x00007fb499d00000,0x00007fb499e00000)]
  0x00007fb4742f6400 JavaThread "Worker-5: Periodic workspace save." [_thread_blocked, id=14983, stack(0x00007fb499900000,0x00007fb499a00000)]
  0x00007fb474000ff0 JavaThread "Worker-7" [_thread_blocked, id=16053, stack(0x00007fb499b00000,0x00007fb499c00000)]
  0x00007fb47c11ba00 JavaThread "Thread-19" [_thread_blocked, id=16166, stack(0x00007fb4d0900000,0x00007fb4d0a00000)]
  0x00007fb488097990 JavaThread "ForkJoinPool-1-worker-1" daemon [_thread_blocked, id=18207, stack(0x00007fb4d0500000,0x00007fb4d0600000)]

Other Threads:
  0x00007fb4ec0a1c10 VMThread "VM Thread" [stack: 0x00007fb4f1cc2000,0x00007fb4f1dc2000] [id=14732] _threads_hazard_ptr=0x00007fb48805e900
  0x00007fb4ec121910 WatcherThread [stack: 0x00007fb4f041a000,0x00007fb4f051a000] [id=14744]
  0x00007fb4ec03df30 GCTaskThread "GC Thread#0" [stack: 0x00007fb4f376c000,0x00007fb4f386c000] [id=14731]

Threads with active compile tasks:
JVMCI-native CompilerThread0  1172604 8573       4       java.lang.ClassLoader::loadClass (7 bytes)

VM state: synchronizing (normal execution)

VM Mutex/Monitor currently owned by a thread:  ([mutex/lock_event])
[0x00007fb4ec023840] Threads_lock - owner thread: 0x00007fb4ec0a1c10
[0x00007fb4ec023ff0] Heap_lock - owner thread: 0x00007fb4742f6400

OutOfMemory and StackOverflow Exception counts:
OutOfMemoryError java_heap_errors=12
LinkageErrors=50

Heap address: 0x00000000e0000000, size: 512 MB, Compressed Oops mode: 32-bit

CDS archive(s) mapped at: [0x0000000800000000-0x0000000800bc8000-0x0000000800bc8000), size 12353536, SharedBaseAddress: 0x0000000800000000, ArchiveRelocationMode: 0.
Compressed class space mapped at: 0x0000000800c00000-0x0000000840c00000, reserved size: 1073741824
Narrow klass base: 0x0000000800000000, Narrow klass shift: 0, Narrow klass range: 0x100000000

GC Precious Log:
 CPUs: 4 total, 1 available
 Memory: 1024M
 Large Page Support: Disabled
 NUMA Support: Disabled
 Compressed Oops: Enabled (32-bit)
 Alignments: Space 512K, Generation 512K, Heap 2M
 Heap Min Capacity: 100M
 Heap Initial Capacity: 100M
 Heap Max Capacity: 512M
 Pre-touch: Disabled
 Parallel Workers: 1

Heap:
 PSYoungGen      total 30720K, used 22015K [0x00000000f5580000, 0x00000000f7e00000, 0x0000000100000000)
  eden space 22016K, 99% used [0x00000000f5580000,0x00000000f6affff8,0x00000000f6b00000)
  from space 8704K, 0% used [0x00000000f7380000,0x00000000f7380000,0x00000000f7c00000)
  to   space 8704K, 0% used [0x00000000f6b00000,0x00000000f6b00000,0x00000000f7380000)
 ParOldGen       total 349696K, used 349696K [0x00000000e0000000, 0x00000000f5580000, 0x00000000f5580000)
  object space 349696K, 100% used [0x00000000e0000000,0x00000000f5580000,0x00000000f5580000)
 Metaspace       used 54390K, committed 55232K, reserved 1105920K
  class space    used 5349K, committed 5696K, reserved 1048576K

Card table byte_map: [0x00007fb4f386c000,0x00007fb4f396d000] _byte_map_base: 0x00007fb4f316c000

Marking Bits: (ParMarkBitMap*) 0x00007fb4f4fbc4c0
 Begin Bits: [0x00007fb4f26bf000, 0x00007fb4f2ebf000)
 End Bits:   [0x00007fb4f2ebf000, 0x00007fb4f36bf000)

Polling page: 0x00007fb4f3b86000

Metaspace:

Usage:
  Non-class:     47.89 MB used.
      Class:      5.22 MB used.
       Both:     53.12 MB used.

Virtual space:
  Non-class space:       56.00 MB reserved,      48.38 MB ( 86%) committed,  7 nodes.
      Class space:        1.00 GB reserved,       5.56 MB ( <1%) committed,  1 nodes.
             Both:        1.05 GB reserved,      53.94 MB (  5%) committed. 

Chunk freelists:
   Non-Class:  2.99 MB
       Class:  2.47 MB
        Both:  5.46 MB

MaxMetaspaceSize: unlimited
CompressedClassSpaceSize: 1.00 GB
Initial GC threshold: 21.00 MB
Current GC threshold: 89.94 MB
CDS: on
MetaspaceReclaimPolicy: balanced
 - commit_granule_bytes: 65536.
 - commit_granule_words: 8192.
 - virtual_space_node_default_size: 1048576.
 - enlarge_chunks_in_place: 1.
 - new_chunks_are_fully_committed: 0.
 - uncommit_free_chunks: 1.
 - use_allocation_guard: 0.
 - handle_deallocations: 1.


Internal statistics:

num_allocs_failed_limit: 6.
num_arena_births: 376.
num_arena_deaths: 66.
num_vsnodes_births: 8.
num_vsnodes_deaths: 0.
num_space_committed: 862.
num_space_uncommitted: 0.
num_chunks_returned_to_freelist: 98.
num_chunks_taken_from_freelist: 2658.
num_chunk_merges: 31.
num_chunk_splits: 1736.
num_chunks_enlarged: 1062.
num_purges: 12.
num_inconsistent_stats: 0.

CodeHeap 'non-profiled nmethods': size=120036Kb used=2532Kb max_used=2532Kb free=117503Kb
 bounds [0x00007fb4daf7a000, 0x00007fb4db1fa000, 0x00007fb4e24b3000]
CodeHeap 'profiled nmethods': size=120032Kb used=13455Kb max_used=15214Kb free=106576Kb
 bounds [0x00007fb4d3a42000, 0x00007fb4d4922000, 0x00007fb4daf7a000]
CodeHeap 'non-nmethods': size=5692Kb used=1371Kb max_used=1373Kb free=4321Kb
 bounds [0x00007fb4d34b3000, 0x00007fb4d3723000, 0x00007fb4d3a42000]
 total_blobs=6762 nmethods=6054 adapters=589
 compilation: enabled
              stopped_count=0, restarted_count=0
 full_count=0

JVMCI Events (20 events):
Event: 771.412 Thread 0x00007fb4ec0b2210 compacted oop handles in JVMCI runtime 0 from 48 to 48
Event: 771.413 Thread 0x00007fb4ec0b2210 releasing handles for JVMCI runtime 0: oop handles=48, metadata handles={total=96, live=93, blocks=36}
Event: 771.413 Thread 0x00007fb4ec0b2210 detached from JVMCI runtime 0
Event: 901.233 Thread 0x00007fb4ec0b2210 attached to JVMCI runtime 0
Event: 901.234 Thread 0x00007fb4ec0b2210 created JavaVM[11]@0x00007fb465f9e340 for JVMCI runtime 0
Event: 901.234 Thread 0x00007fb4ec0b2210 initializing JVMCI runtime 0
Event: 901.234 Thread 0x00007fb4ec0b2210 done waiting for JavaVM references initialization in JVMCI runtime 0
Event: 937.799 Thread 0x00007fb4ec0b2210 initialized JVMCI runtime 0
Event: 954.501 Thread 0x00007fb4ec0b2210 compacted oop handles in JVMCI runtime 0 from 52 to 49
Event: 972.999 Thread 0x00007fb4ec0b2210 detaching from JVMCI runtime 0: releasing idle compiler thread (0 other threads still attached)
Event: 972.999 Thread 0x00007fb4ec0b2210 shutting down HotSpotJVMCIRuntime for JVMCI runtime 0
Event: 974.287 Thread 0x00007fb4ec0b2210 shut down JVMCI runtime 0
Event: 975.396 Thread 0x00007fb4ec0b2210 destroyed JavaVM[11]@0x00007fb465f9e340 for JVMCI runtime 0
Event: 975.396 Thread 0x00007fb4ec0b2210 compacted oop handles in JVMCI runtime 0 from 54 to 54
Event: 975.396 Thread 0x00007fb4ec0b2210 releasing handles for JVMCI runtime 0: oop handles=54, metadata handles={total=116, live=107, blocks=36}
Event: 975.396 Thread 0x00007fb4ec0b2210 detached from JVMCI runtime 0
Event: 1161.622 Thread 0x00007fb4ec0b2210 attached to JVMCI runtime 0
Event: 1161.623 Thread 0x00007fb4ec0b2210 created JavaVM[12]@0x00007fb465f9e340 for JVMCI runtime 0
Event: 1162.724 Thread 0x00007fb4ec0b2210 initializing JVMCI runtime 0
Event: 1162.724 Thread 0x00007fb4ec0b2210 done waiting for JavaVM references initialization in JVMCI runtime 0

Compilation events (20 events):
Event: 882.305 Thread 0x00007fb4ec0b3720 nmethod 8562 0x00007fb4d4150f90 code [0x00007fb4d4151180, 0x00007fb4d4151670]
Event: 885.990 Thread 0x00007fb4ec0b3720 8563       3       org.eclipse.core.runtime.SubMonitor::internalWorked (33 bytes)
Event: 888.328 Thread 0x00007fb4ec0b3720 nmethod 8563 0x00007fb4d3b54010 code [0x00007fb4d3b54200, 0x00007fb4d3b54780]
Event: 901.233 Thread 0x00007fb4ec0b2210 8564       4       org.eclipse.core.runtime.Path::toOSString (227 bytes)
Event: 952.077 Thread 0x00007fb4ec0b3720 8566 %     3       java.text.MessageFormat::applyPattern @ 34 (422 bytes)
Event: 953.389 Thread 0x00007fb4ec0b3720 nmethod 8566% 0x00007fb4d45de810 code [0x00007fb4d45ded20, 0x00007fb4d45e25e0]
Event: 954.501 Thread 0x00007fb4ec0b2210 nmethod 8564 0x00007fb4db1f0810 code [0x00007fb4db1f09e0, 0x00007fb4db1f1430]
Event: 954.501 Thread 0x00007fb4ec0b2210 8565       4       java.io.DataOutputStream::writeUTF (411 bytes)
Event: 969.392 Thread 0x00007fb4ec0b3720 8567       3       java.io.DataOutputStream::incCount (20 bytes)
Event: 969.392 Thread 0x00007fb4ec0b3720 nmethod 8567 0x00007fb4d4062690 code [0x00007fb4d4062820, 0x00007fb4d4062970]
Event: 971.884 Thread 0x00007fb4ec0b2210 nmethod 8565 0x00007fb4db1f1a10 code [0x00007fb4db1f1c00, 0x00007fb4db1f2540]
Event: 1029.720 Thread 0x00007fb4ec0b3720 8569       3       jdk.internal.org.objectweb.asm.ClassWriter::toByteArray (1515 bytes)
Event: 1032.223 Thread 0x00007fb4ec0b3720 nmethod 8569 0x00007fb4d4170d90 code [0x00007fb4d41716a0, 0x00007fb4d4175a90]
Event: 1081.900 Thread 0x00007fb4ec0b3720 8570       3       java.text.Format::format (24 bytes)
Event: 1081.901 Thread 0x00007fb4ec0b3720 nmethod 8570 0x00007fb4d3dd5590 code [0x00007fb4d3dd5780, 0x00007fb4d3dd5d00]
Event: 1092.206 Thread 0x00007fb4ec0b3720 8571       3       java.util.concurrent.ThreadPoolExecutor::workerCountOf (5 bytes)
Event: 1094.782 Thread 0x00007fb4ec0b3720 nmethod 8571 0x00007fb4d3f3de90 code [0x00007fb4d3f3e020, 0x00007fb4d3f3e110]
Event: 1156.321 Thread 0x00007fb4ec0b3720 8572       1       java.util.concurrent.ThreadPoolExecutor::getQueue (5 bytes)
Event: 1156.322 Thread 0x00007fb4ec0b3720 nmethod 8572 0x00007fb4db1f2e90 code [0x00007fb4db1f3020, 0x00007fb4db1f30f0]
Event: 1161.622 Thread 0x00007fb4ec0b2210 8573       4       java.lang.ClassLoader::loadClass (7 bytes)

GC Heap History (20 events):
Event: 1161.677 GC heap before
{Heap before GC invocations=1005 (full 887):
 PSYoungGen      total 30720K, used 22015K [0x00000000f5580000, 0x00000000f7e00000, 0x0000000100000000)
  eden space 22016K, 99% used [0x00000000f5580000,0x00000000f6affff8,0x00000000f6b00000)
  from space 8704K, 0% used [0x00000000f7380000,0x00000000f7380000,0x00000000f7c00000)
  to   space 8704K, 0% used [0x00000000f6b00000,0x00000000f6b00000,0x00000000f7380000)
 ParOldGen       total 349696K, used 349695K [0x00000000e0000000, 0x00000000f5580000, 0x00000000f5580000)
  object space 349696K, 99% used [0x00000000e0000000,0x00000000f557ffd0,0x00000000f5580000)
 Metaspace       used 54390K, committed 55232K, reserved 1105920K
  class space    used 5349K, committed 5696K, reserved 1048576K
}
Event: 1162.724 GC heap after
{Heap after GC invocations=1005 (full 887):
 PSYoungGen      total 30720K, used 22015K [0x00000000f5580000, 0x00000000f7e00000, 0x0000000100000000)
  eden space 22016K, 99% used [0x00000000f5580000,0x00000000f6afffe0,0x00000000f6b00000)
  from space 8704K, 0% used [0x00000000f6b00000,0x00000000f6b00000,0x00000000f7380000)
  to   space 8704K, 0% used [0x00000000f7380000,0x00000000f7380000,0x00000000f7c00000)
 ParOldGen       total 349696K, used 349695K [0x00000000e0000000, 0x00000000f5580000, 0x00000000f5580000)
  object space 349696K, 99% used [0x00000000e0000000,0x00000000f557fec0,0x00000000f5580000)
 Metaspace       used 54390K, committed 55232K, reserved 1105920K
  class space    used 5349K, committed 5696K, reserved 1048576K
}
Event: 1162.724 GC heap before
{Heap before GC invocations=1006 (full 888):
 PSYoungGen      total 30720K, used 22015K [0x00000000f5580000, 0x00000000f7e00000, 0x0000000100000000)
  eden space 22016K, 99% used [0x00000000f5580000,0x00000000f6affff8,0x00000000f6b00000)
  from space 8704K, 0% used [0x00000000f6b00000,0x00000000f6b00000,0x00000000f7380000)
  to   space 8704K, 0% used [0x00000000f7380000,0x00000000f7380000,0x00000000f7c00000)
 ParOldGen       total 349696K, used 349696K [0x00000000e0000000, 0x00000000f5580000, 0x00000000f5580000)
  object space 349696K, 100% used [0x00000000e0000000,0x00000000f5580000,0x00000000f5580000)
 Metaspace       used 54390K, committed 55232K, reserved 1105920K
  class space    used 5349K, committed 5696K, reserved 1048576K
}
Event: 1163.783 GC heap after
{Heap after GC invocations=1006 (full 888):
 PSYoungGen      total 30720K, used 22015K [0x00000000f5580000, 0x00000000f7e00000, 0x0000000100000000)
  eden space 22016K, 99% used [0x00000000f5580000,0x00000000f6affff8,0x00000000f6b00000)
  from space 8704K, 0% used [0x00000000f7380000,0x00000000f7380000,0x00000000f7c00000)
  to   space 8704K, 0% used [0x00000000f6b00000,0x00000000f6b00000,0x00000000f7380000)
 ParOldGen       total 349696K, used 349695K [0x00000000e0000000, 0x00000000f5580000, 0x00000000f5580000)
  object space 349696K, 99% used [0x00000000e0000000,0x00000000f557fe80,0x00000000f5580000)
 Metaspace       used 54390K, committed 55232K, reserved 1105920K
  class space    used 5349K, committed 5696K, reserved 1048576K
}
Event: 1163.784 GC heap before
{Heap before GC invocations=1007 (full 889):
 PSYoungGen      total 30720K, used 22015K [0x00000000f5580000, 0x00000000f7e00000, 0x0000000100000000)
  eden space 22016K, 99% used [0x00000000f5580000,0x00000000f6affff8,0x00000000f6b00000)
  from space 8704K, 0% used [0x00000000f7380000,0x00000000f7380000,0x00000000f7c00000)
  to   space 8704K, 0% used [0x00000000f6b00000,0x00000000f6b00000,0x00000000f7380000)
 ParOldGen       total 349696K, used 349695K [0x00000000e0000000, 0x00000000f5580000, 0x00000000f5580000)
  object space 349696K, 99% used [0x00000000e0000000,0x00000000f557fff8,0x00000000f5580000)
 Metaspace       used 54390K, committed 55232K, reserved 1105920K
  class space    used 5349K, committed 5696K, reserved 1048576K
}
Event: 1164.900 GC heap after
{Heap after GC invocations=1007 (full 889):
 PSYoungGen      total 30720K, used 22015K [0x00000000f5580000, 0x00000000f7e00000, 0x0000000100000000)
  eden space 22016K, 99% used [0x00000000f5580000,0x00000000f6affff8,0x00000000f6b00000)
  from space 8704K, 0% used [0x00000000f6b00000,0x00000000f6b00000,0x00000000f7380000)
  to   space 8704K, 0% used [0x00000000f7380000,0x00000000f7380000,0x00000000f7c00000)
 ParOldGen       total 349696K, used 349695K [0x00000000e0000000, 0x00000000f5580000, 0x00000000f5580000)
  object space 349696K, 99% used [0x00000000e0000000,0x00000000f557fed8,0x00000000f5580000)
 Metaspace       used 54390K, committed 55232K, reserved 1105920K
  class space    used 5349K, committed 5696K, reserved 1048576K
}
Event: 1164.900 GC heap before
{Heap before GC invocations=1008 (full 890):
 PSYoungGen      total 30720K, used 22015K [0x00000000f5580000, 0x00000000f7e00000, 0x0000000100000000)
  eden space 22016K, 99% used [0x00000000f5580000,0x00000000f6affff8,0x00000000f6b00000)
  from space 8704K, 0% used [0x00000000f6b00000,0x00000000f6b00000,0x00000000f7380000)
  to   space 8704K, 0% used [0x00000000f7380000,0x00000000f7380000,0x00000000f7c00000)
 ParOldGen       total 349696K, used 349695K [0x00000000e0000000, 0x00000000f5580000, 0x00000000f5580000)
  object space 349696K, 99% used [0x00000000e0000000,0x00000000f557ffa8,0x00000000f5580000)
 Metaspace       used 54390K, committed 55232K, reserved 1105920K
  class space    used 5349K, committed 5696K, reserved 1048576K
}
Event: 1165.979 GC heap after
{Heap after GC invocations=1008 (full 890):
 PSYoungGen      total 30720K, used 22015K [0x00000000f5580000, 0x00000000f7e00000, 0x0000000100000000)
  eden space 22016K, 99% used [0x00000000f5580000,0x00000000f6affff8,0x00000000f6b00000)
  from space 8704K, 0% used [0x00000000f7380000,0x00000000f7380000,0x00000000f7c00000)
  to   space 8704K, 0% used [0x00000000f6b00000,0x00000000f6b00000,0x00000000f7380000)
 ParOldGen       total 349696K, used 349695K [0x00000000e0000000, 0x00000000f5580000, 0x00000000f5580000)
  object space 349696K, 99% used [0x00000000e0000000,0x00000000f557ff08,0x00000000f5580000)
 Metaspace       used 54390K, committed 55232K, reserved 1105920K
  class space    used 5349K, committed 5696K, reserved 1048576K
}
Event: 1165.979 GC heap before
{Heap before GC invocations=1009 (full 891):
 PSYoungGen      total 30720K, used 22015K [0x00000000f5580000, 0x00000000f7e00000, 0x0000000100000000)
  eden space 22016K, 99% used [0x00000000f5580000,0x00000000f6affff8,0x00000000f6b00000)
  from space 8704K, 0% used [0x00000000f7380000,0x00000000f7380000,0x00000000f7c00000)
  to   space 8704K, 0% used [0x00000000f6b00000,0x00000000f6b00000,0x00000000f7380000)
 ParOldGen       total 349696K, used 349695K [0x00000000e0000000, 0x00000000f5580000, 0x00000000f5580000)
  object space 349696K, 99% used [0x00000000e0000000,0x00000000f557fff8,0x00000000f5580000)
 Metaspace       used 54390K, committed 55232K, reserved 1105920K
  class space    used 5349K, committed 5696K, reserved 1048576K
}
Event: 1167.086 GC heap after
{Heap after GC invocations=1009 (full 891):
 PSYoungGen      total 30720K, used 22015K [0x00000000f5580000, 0x00000000f7e00000, 0x0000000100000000)
  eden space 22016K, 99% used [0x00000000f5580000,0x00000000f6affff8,0x00000000f6b00000)
  from space 8704K, 0% used [0x00000000f6b00000,0x00000000f6b00000,0x00000000f7380000)
  to   space 8704K, 0% used [0x00000000f7380000,0x00000000f7380000,0x00000000f7c00000)
 ParOldGen       total 349696K, used 349695K [0x00000000e0000000, 0x00000000f5580000, 0x00000000f5580000)
  object space 349696K, 99% used [0x00000000e0000000,0x00000000f557ff28,0x00000000f5580000)
 Metaspace       used 54390K, committed 55232K, reserved 1105920K
  class space    used 5349K, committed 5696K, reserved 1048576K
}
Event: 1167.086 GC heap before
{Heap before GC invocations=1010 (full 892):
 PSYoungGen      total 30720K, used 22015K [0x00000000f5580000, 0x00000000f7e00000, 0x0000000100000000)
  eden space 22016K, 99% used [0x00000000f5580000,0x00000000f6affff8,0x00000000f6b00000)
  from space 8704K, 0% used [0x00000000f6b00000,0x00000000f6b00000,0x00000000f7380000)
  to   space 8704K, 0% used [0x00000000f7380000,0x00000000f7380000,0x00000000f7c00000)
 ParOldGen       total 349696K, used 349696K [0x00000000e0000000, 0x00000000f5580000, 0x00000000f5580000)
  object space 349696K, 100% used [0x00000000e0000000,0x00000000f5580000,0x00000000f5580000)
 Metaspace       used 54390K, committed 55232K, reserved 1105920K
  class space    used 5349K, committed 5696K, reserved 1048576K
}
Event: 1168.103 GC heap after
{Heap after GC invocations=1010 (full 892):
 PSYoungGen      total 30720K, used 22015K [0x00000000f5580000, 0x00000000f7e00000, 0x0000000100000000)
  eden space 22016K, 99% used [0x00000000f5580000,0x00000000f6affff8,0x00000000f6b00000)
  from space 8704K, 0% used [0x00000000f7380000,0x00000000f7380000,0x00000000f7c00000)
  to   space 8704K, 0% used [0x00000000f6b00000,0x00000000f6b00000,0x00000000f7380000)
 ParOldGen       total 349696K, used 349695K [0x00000000e0000000, 0x00000000f5580000, 0x00000000f5580000)
  object space 349696K, 99% used [0x00000000e0000000,0x00000000f557ffc8,0x00000000f5580000)
 Metaspace       used 54390K, committed 55232K, reserved 1105920K
  class space    used 5349K, committed 5696K, reserved 1048576K
}
Event: 1168.104 GC heap before
{Heap before GC invocations=1011 (full 893):
 PSYoungGen      total 30720K, used 22015K [0x00000000f5580000, 0x00000000f7e00000, 0x0000000100000000)
  eden space 22016K, 99% used [0x00000000f5580000,0x00000000f6affff8,0x00000000f6b00000)
  from space 8704K, 0% used [0x00000000f7380000,0x00000000f7380000,0x00000000f7c00000)
  to   space 8704K, 0% used [0x00000000f6b00000,0x00000000f6b00000,0x00000000f7380000)
 ParOldGen       total 349696K, used 349696K [0x00000000e0000000, 0x00000000f5580000, 0x00000000f5580000)
  object space 349696K, 100% used [0x00000000e0000000,0x00000000f5580000,0x00000000f5580000)
 Metaspace       used 54390K, committed 55232K, reserved 1105920K
  class space    used 5349K, committed 5696K, reserved 1048576K
}
Event: 1169.305 GC heap after
{Heap after GC invocations=1011 (full 893):
 PSYoungGen      total 30720K, used 22015K [0x00000000f5580000, 0x00000000f7e00000, 0x0000000100000000)
  eden space 22016K, 99% used [0x00000000f5580000,0x00000000f6affff8,0x00000000f6b00000)
  from space 8704K, 0% used [0x00000000f6b00000,0x00000000f6b00000,0x00000000f7380000)
  to   space 8704K, 0% used [0x00000000f7380000,0x00000000f7380000,0x00000000f7c00000)
 ParOldGen       total 349696K, used 349696K [0x00000000e0000000, 0x00000000f5580000, 0x00000000f5580000)
  object space 349696K, 100% used [0x00000000e0000000,0x00000000f5580000,0x00000000f5580000)
 Metaspace       used 54390K, committed 55232K, reserved 1105920K
  class space    used 5349K, committed 5696K, reserved 1048576K
}
Event: 1169.305 GC heap before
{Heap before GC invocations=1012 (full 894):
 PSYoungGen      total 30720K, used 22015K [0x00000000f5580000, 0x00000000f7e00000, 0x0000000100000000)
  eden space 22016K, 99% used [0x00000000f5580000,0x00000000f6affff8,0x00000000f6b00000)
  from space 8704K, 0% used [0x00000000f6b00000,0x00000000f6b00000,0x00000000f7380000)
  to   space 8704K, 0% used [0x00000000f7380000,0x00000000f7380000,0x00000000f7c00000)
 ParOldGen       total 349696K, used 349696K [0x00000000e0000000, 0x00000000f5580000, 0x00000000f5580000)
  object space 349696K, 100% used [0x00000000e0000000,0x00000000f5580000,0x00000000f5580000)
 Metaspace       used 54390K, committed 55232K, reserved 1105920K
  class space    used 5349K, committed 5696K, reserved 1048576K
}
Event: 1170.316 GC heap after
{Heap after GC invocations=1012 (full 894):
 PSYoungGen      total 30720K, used 22015K [0x00000000f5580000, 0x00000000f7e00000, 0x0000000100000000)
  eden space 22016K, 99% used [0x00000000f5580000,0x00000000f6affff8,0x00000000f6b00000)
  from space 8704K, 0% used [0x00000000f7380000,0x00000000f7380000,0x00000000f7c00000)
  to   space 8704K, 0% used [0x00000000f6b00000,0x00000000f6b00000,0x00000000f7380000)
 ParOldGen       total 349696K, used 349696K [0x00000000e0000000, 0x00000000f5580000, 0x00000000f5580000)
  object space 349696K, 100% used [0x00000000e0000000,0x00000000f5580000,0x00000000f5580000)
 Metaspace       used 54390K, committed 55232K, reserved 1105920K
  class space    used 5349K, committed 5696K, reserved 1048576K
}
Event: 1170.317 GC heap before
{Heap before GC invocations=1013 (full 895):
 PSYoungGen      total 30720K, used 22015K [0x00000000f5580000, 0x00000000f7e00000, 0x0000000100000000)
  eden space 22016K, 99% used [0x00000000f5580000,0x00000000f6affff8,0x00000000f6b00000)
  from space 8704K, 0% used [0x00000000f7380000,0x00000000f7380000,0x00000000f7c00000)
  to   space 8704K, 0% used [0x00000000f6b00000,0x00000000f6b00000,0x00000000f7380000)
 ParOldGen       total 349696K, used 349696K [0x00000000e0000000, 0x00000000f5580000, 0x00000000f5580000)
  object space 349696K, 100% used [0x00000000e0000000,0x00000000f5580000,0x00000000f5580000)
 Metaspace       used 54390K, committed 55232K, reserved 1105920K
  class space    used 5349K, committed 5696K, reserved 1048576K
}
Event: 1171.493 GC heap after
{Heap after GC invocations=1013 (full 895):
 PSYoungGen      total 30720K, used 22015K [0x00000000f5580000, 0x00000000f7e00000, 0x0000000100000000)
  eden space 22016K, 99% used [0x00000000f5580000,0x00000000f6affff8,0x00000000f6b00000)
  from space 8704K, 0% used [0x00000000f6b00000,0x00000000f6b00000,0x00000000f7380000)
  to   space 8704K, 0% used [0x00000000f7380000,0x00000000f7380000,0x00000000f7c00000)
 ParOldGen       total 349696K, used 349696K [0x00000000e0000000, 0x00000000f5580000, 0x00000000f5580000)
  object space 349696K, 100% used [0x00000000e0000000,0x00000000f5580000,0x00000000f5580000)
 Metaspace       used 54390K, committed 55232K, reserved 1105920K
  class space    used 5349K, committed 5696K, reserved 1048576K
}
Event: 1171.493 GC heap before
{Heap before GC invocations=1014 (full 896):
 PSYoungGen      total 30720K, used 22015K [0x00000000f5580000, 0x00000000f7e00000, 0x0000000100000000)
  eden space 22016K, 99% used [0x00000000f5580000,0x00000000f6affff8,0x00000000f6b00000)
  from space 8704K, 0% used [0x00000000f6b00000,0x00000000f6b00000,0x00000000f7380000)
  to   space 8704K, 0% used [0x00000000f7380000,0x00000000f7380000,0x00000000f7c00000)
 ParOldGen       total 349696K, used 349696K [0x00000000e0000000, 0x00000000f5580000, 0x00000000f5580000)
  object space 349696K, 100% used [0x00000000e0000000,0x00000000f5580000,0x00000000f5580000)
 Metaspace       used 54390K, committed 55232K, reserved 1105920K
  class space    used 5349K, committed 5696K, reserved 1048576K
}
Event: 1172.516 GC heap after
{Heap after GC invocations=1014 (full 896):
 PSYoungGen      total 30720K, used 22015K [0x00000000f5580000, 0x00000000f7e00000, 0x0000000100000000)
  eden space 22016K, 99% used [0x00000000f5580000,0x00000000f6affff8,0x00000000f6b00000)
  from space 8704K, 0% used [0x00000000f7380000,0x00000000f7380000,0x00000000f7c00000)
  to   space 8704K, 0% used [0x00000000f6b00000,0x00000000f6b00000,0x00000000f7380000)
 ParOldGen       total 349696K, used 349696K [0x00000000e0000000, 0x00000000f5580000, 0x00000000f5580000)
  object space 349696K, 100% used [0x00000000e0000000,0x00000000f5580000,0x00000000f5580000)
 Metaspace       used 54390K, committed 55232K, reserved 1105920K
  class space    used 5349K, committed 5696K, reserved 1048576K
}

Dll operation events (8 events):
Event: 0.003 Loaded shared library /nix/store/gpxl5qgg8kicmcvivwmybwjlpf7wh20l-graalvm17-ce-22.3.0/lib/libjava.so
Event: 0.010 Loaded shared library /nix/store/gpxl5qgg8kicmcvivwmybwjlpf7wh20l-graalvm17-ce-22.3.0/lib/libjsvml.so
Event: 0.189 Loaded shared library /nix/store/gpxl5qgg8kicmcvivwmybwjlpf7wh20l-graalvm17-ce-22.3.0/lib/libnio.so
Event: 0.192 Loaded shared library /nix/store/gpxl5qgg8kicmcvivwmybwjlpf7wh20l-graalvm17-ce-22.3.0/lib/libzip.so
Event: 0.195 Loaded shared library /nix/store/gpxl5qgg8kicmcvivwmybwjlpf7wh20l-graalvm17-ce-22.3.0/lib/libjvmcicompiler.so
Event: 0.786 Loaded shared library /nix/store/gpxl5qgg8kicmcvivwmybwjlpf7wh20l-graalvm17-ce-22.3.0/lib/libjimage.so
Event: 3.496 Loaded shared library /nix/store/gpxl5qgg8kicmcvivwmybwjlpf7wh20l-graalvm17-ce-22.3.0/lib/libnet.so
Event: 6.232 Loaded shared library /home/runner/.cache/jdt-language-server/config/org.eclipse.equinox.launcher/org.eclipse.equinox.launcher.gtk.linux.x86_64_1.2.400.v20211117-0650/eclipse_11600.so

Deoptimization events (20 events):
Event: 1130.098 Thread 0x00007fb4846b07e0 Uncommon trap: trap_request=0xffffff8f fr.pc=0x00007fb4db1d61b9 relative=0x0000000000001079
Event: 1130.098 Thread 0x00007fb4846b07e0 Uncommon trap: reason=constraint action=none pc=0x00007fb4db1d61b9 method=org.eclipse.jdt.internal.core.index.DiskIndex.copyQueryResults(Lorg/eclipse/jdt/internal/compiler/util/HashtableOfObject;I)V @ 123 jvmci
Event: 1130.098 Thread 0x00007fb4846b07e0 DEOPT PACKING pc=0x00007fb4db1d61b9 sp=0x00007fb4d03fe550
Event: 1130.098 Thread 0x00007fb4846b07e0 DEOPT UNPACKING pc=0x00007fb4d3505325 sp=0x00007fb4d03fda28 mode 3
Event: 1132.505 Thread 0x00007fb488097990 Uncommon trap: trap_request=0xffffff8f fr.pc=0x00007fb4db032865 relative=0x0000000000000145
Event: 1132.505 Thread 0x00007fb488097990 Uncommon trap: reason=constraint action=none pc=0x00007fb4db032865 method=java.lang.AbstractStringBuilder.<init>(I)V @ 0 jvmci
Event: 1132.505 Thread 0x00007fb488097990 DEOPT PACKING pc=0x00007fb4db032865 sp=0x00007fb4d05fd7a0
Event: 1132.505 Thread 0x00007fb488097990 DEOPT UNPACKING pc=0x00007fb4d3505325 sp=0x00007fb4d05fcc38 mode 3
Event: 1134.932 Thread 0x00007fb4880016c0 Uncommon trap: trap_request=0xffffff8f fr.pc=0x00007fb4db15c7bf relative=0x00000000000002ff
Event: 1134.932 Thread 0x00007fb4880016c0 Uncommon trap: reason=constraint action=none pc=0x00007fb4db15c7bf method=java.lang.String.substring(II)Ljava/lang/String; @ 22 jvmci
Event: 1137.380 Thread 0x00007fb4880016c0 DEOPT PACKING pc=0x00007fb4db15c7bf sp=0x00007fb49a9fe780
Event: 1137.380 Thread 0x00007fb4880016c0 DEOPT UNPACKING pc=0x00007fb4d3505325 sp=0x00007fb49a9fdc18 mode 3
Event: 1137.381 Thread 0x00007fb484445690 Uncommon trap: trap_request=0xffffff8f fr.pc=0x00007fb4db065af7 relative=0x00000000000000d7
Event: 1137.381 Thread 0x00007fb484445690 Uncommon trap: reason=constraint action=none pc=0x00007fb4db065af7 method=java.util.ArrayList.iterator()Ljava/util/Iterator; @ 0 jvmci
Event: 1137.381 Thread 0x00007fb484445690 DEOPT PACKING pc=0x00007fb4db065af7 sp=0x00007fb4d0bfe910
Event: 1137.381 Thread 0x00007fb484445690 DEOPT UNPACKING pc=0x00007fb4d3505325 sp=0x00007fb4d0bfddb8 mode 3
Event: 1140.805 Thread 0x00007fb4880016c0 Uncommon trap: trap_request=0xffffff8f fr.pc=0x00007fb4dafeea1c relative=0x000000000000027c
Event: 1140.805 Thread 0x00007fb4880016c0 Uncommon trap: reason=constraint action=none pc=0x00007fb4dafeea1c method=java.lang.StringBuilder.toString()Ljava/lang/String; @ 0 jvmci
Event: 1140.806 Thread 0x00007fb4880016c0 DEOPT PACKING pc=0x00007fb4dafeea1c sp=0x00007fb49a9fe790
Event: 1140.806 Thread 0x00007fb4880016c0 DEOPT UNPACKING pc=0x00007fb4d3505325 sp=0x00007fb49a9fdc38 mode 3

Classes unloaded (20 events):
Event: 162.312 Thread 0x00007fb4ec0a1c10 Unloading class 0x0000000800d9cc00 'java/lang/invoke/LambdaForm$MH+0x0000000800d9cc00'
Event: 162.312 Thread 0x00007fb4ec0a1c10 Unloading class 0x0000000800d9c800 'java/lang/invoke/LambdaForm$MH+0x0000000800d9c800'
Event: 162.312 Thread 0x00007fb4ec0a1c10 Unloading class 0x0000000800d9c000 'jdk/internal/reflect/GeneratedConstructorAccessor3'
Event: 162.312 Thread 0x00007fb4ec0a1c10 Unloading class 0x0000000800cb2400 'java/lang/invoke/LambdaForm$MH+0x0000000800cb2400'
Event: 162.312 Thread 0x00007fb4ec0a1c10 Unloading class 0x0000000800cb1c00 'java/lang/invoke/LambdaForm$MH+0x0000000800cb1c00'
Event: 162.312 Thread 0x00007fb4ec0a1c10 Unloading class 0x0000000800cb1800 'java/lang/invoke/LambdaForm$MH+0x0000000800cb1800'
Event: 162.312 Thread 0x00007fb4ec0a1c10 Unloading class 0x0000000800cb1400 'java/lang/invoke/LambdaForm$MH+0x0000000800cb1400'
Event: 162.312 Thread 0x00007fb4ec0a1c10 Unloading class 0x0000000800cb0c00 'java/lang/invoke/LambdaForm$MH+0x0000000800cb0c00'
Event: 162.312 Thread 0x00007fb4ec0a1c10 Unloading class 0x0000000800cb0800 'java/lang/invoke/LambdaForm$MH+0x0000000800cb0800'
Event: 162.312 Thread 0x00007fb4ec0a1c10 Unloading class 0x0000000800cb0400 'java/lang/invoke/LambdaForm$MH+0x0000000800cb0400'
Event: 162.312 Thread 0x00007fb4ec0a1c10 Unloading class 0x0000000800cab400 'java/lang/invoke/LambdaForm$MH+0x0000000800cab400'
Event: 174.304 Thread 0x00007fb4ec0a1c10 Unloading class 0x0000000800d9c400 'java/lang/invoke/LambdaForm$MH+0x0000000800d9c400'
Event: 174.304 Thread 0x00007fb4ec0a1c10 Unloading class 0x0000000800d91400 'java/lang/invoke/LambdaForm$MH+0x0000000800d91400'
Event: 174.304 Thread 0x00007fb4ec0a1c10 Unloading class 0x0000000800d91000 'java/lang/invoke/LambdaForm$MH+0x0000000800d91000'
Event: 174.304 Thread 0x00007fb4ec0a1c10 Unloading class 0x0000000800d90c00 'java/lang/invoke/LambdaForm$MH+0x0000000800d90c00'
Event: 174.304 Thread 0x00007fb4ec0a1c10 Unloading class 0x0000000800d90800 'java/lang/invoke/LambdaForm$MH+0x0000000800d90800'
Event: 174.304 Thread 0x00007fb4ec0a1c10 Unloading class 0x0000000800d90400 'java/lang/invoke/LambdaForm$MH+0x0000000800d90400'
Event: 174.304 Thread 0x00007fb4ec0a1c10 Unloading class 0x0000000800d90000 'java/lang/invoke/LambdaForm$MH+0x0000000800d90000'
Event: 187.500 Thread 0x00007fb4ec0a1c10 Unloading class 0x0000000801134c00 'jdk/internal/reflect/GeneratedConstructorAccessor29'
Event: 193.205 Thread 0x00007fb4ec0a1c10 Unloading class 0x000000080101c400 'jdk/internal/reflect/GeneratedConstructorAccessor23'

Classes redefined (0 events):
No events

Internal exceptions (20 events):
Event: 40.225 Thread 0x00007fb47c118ec0 Exception <a 'java/io/FileNotFoundException'{0x00000000f5e2f648}> (0x00000000f5e2f648) 
thrown [src/hotspot/share/prims/jni.cpp, line 516]
Event: 61.089 Thread 0x00007fb4846b07e0 Implicit null exception at 0x00007fb4db184f12 to 0x00007fb4db1878a5
Event: 1104.589 Thread 0x00007fb4880016c0 Exception <a 'java/lang/OutOfMemoryError'{0x00000000e00d17f0}> (0x00000000e00d17f0) 
thrown [src/hotspot/share/gc/shared/memAllocator.cpp, line 138]
Event: 1104.589 Thread 0x00007fb4880016c0 Implicit null exception at 0x00007fb4daf95f48 to 0x00007fb4daf95ff6
Event: 1114.078 Thread 0x00007fb4880016c0 Exception <a 'java/lang/OutOfMemoryError'{0x00000000e00d0ca0}> (0x00000000e00d0ca0) 
thrown [src/hotspot/share/gc/shared/memAllocator.cpp, line 136]
Event: 1128.919 Thread 0x00007fb4846b07e0 Exception <a 'java/lang/OutOfMemoryError'{0x00000000e00d0f70}> (0x00000000e00d0f70) 
thrown [src/hotspot/share/gc/shared/memAllocator.cpp, line 138]
Event: 1130.098 Thread 0x00007fb4846b07e0 Implicit null exception at 0x00007fb4db1d5c45 to 0x00007fb4db1d619e
Event: 1132.505 Thread 0x00007fb488097990 Exception <a 'java/lang/OutOfMemoryError'{0x00000000e00d0f70}> (0x00000000e00d0f70) 
thrown [src/hotspot/share/gc/shared/memAllocator.cpp, line 138]
Event: 1132.505 Thread 0x00007fb488097990 Implicit null exception at 0x00007fb4db032837 to 0x00007fb4db03284a
Event: 1134.932 Thread 0x00007fb4880016c0 Exception <a 'java/lang/OutOfMemoryError'{0x00000000e00d0f70}> (0x00000000e00d0f70) 
thrown [src/hotspot/share/gc/shared/memAllocator.cpp, line 138]
Event: 1134.932 Thread 0x00007fb4880016c0 Implicit null exception at 0x00007fb4db15c6c8 to 0x00007fb4db15c7a4
Event: 1137.380 Thread 0x00007fb484445690 Exception <a 'java/lang/OutOfMemoryError'{0x00000000e00d0f70}> (0x00000000e00d0f70) 
thrown [src/hotspot/share/gc/shared/memAllocator.cpp, line 138]
Event: 1137.380 Thread 0x00007fb484445690 Implicit null exception at 0x00007fb4db065ad8 to 0x00007fb4db065adc
Event: 1140.805 Thread 0x00007fb4880016c0 Exception <a 'java/lang/OutOfMemoryError'{0x00000000e00d0f70}> (0x00000000e00d0f70) 
thrown [src/hotspot/share/gc/shared/memAllocator.cpp, line 138]
Event: 1140.805 Thread 0x00007fb4880016c0 Implicit null exception at 0x00007fb4dafee957 to 0x00007fb4dafeea01
Event: 1145.285 Thread 0x00007fb488097990 Exception <a 'java/lang/OutOfMemoryError'{0x00000000e00d1290}> (0x00000000e00d1290) 
thrown [src/hotspot/share/gc/shared/memAllocator.cpp, line 136]
Event: 1155.177 Thread 0x00007fb4742f6400 Exception <a 'java/lang/OutOfMemoryError'{0x00000000e00d1290}> (0x00000000e00d1290) 
thrown [src/hotspot/share/gc/shared/memAllocator.cpp, line 136]
Event: 1160.608 Thread 0x00007fb4742f6400 Exception <a 'java/lang/OutOfMemoryError'{0x00000000e00d1290}> (0x00000000e00d1290) 
thrown [src/hotspot/share/gc/shared/memAllocator.cpp, line 136]
Event: 1170.317 Thread 0x00007fb4880016c0 Exception <a 'java/lang/OutOfMemoryError'{0x00000000e00d1290}> (0x00000000e00d1290) 
thrown [src/hotspot/share/gc/shared/memAllocator.cpp, line 136]
Event: 1172.516 Thread 0x00007fb4ec0b2210 Exception <a 'java/lang/OutOfMemoryError'{0x00000000e00d1290}> (0x00000000e00d1290) 
thrown [src/hotspot/share/gc/shared/memAllocator.cpp, line 136]

VM Operations (20 events):
Event: 1160.608 Executing VM operation: ParallelGCFailedAllocation done
Event: 1160.608 Executing VM operation: ParallelGCFailedAllocation
Event: 1161.622 Executing VM operation: ParallelGCFailedAllocation done
Event: 1161.622 Executing VM operation: ParallelGCFailedAllocation
Event: 1162.724 Executing VM operation: ParallelGCFailedAllocation done
Event: 1162.724 Executing VM operation: ParallelGCFailedAllocation
Event: 1163.784 Executing VM operation: ParallelGCFailedAllocation done
Event: 1163.784 Executing VM operation: ParallelGCFailedAllocation
Event: 1164.900 Executing VM operation: ParallelGCFailedAllocation done
Event: 1164.900 Executing VM operation: ParallelGCFailedAllocation
Event: 1165.979 Executing VM operation: ParallelGCFailedAllocation done
Event: 1165.979 Executing VM operation: ParallelGCFailedAllocation
Event: 1167.086 Executing VM operation: ParallelGCFailedAllocation done
Event: 1167.086 Executing VM operation: ParallelGCFailedAllocation
Event: 1168.104 Executing VM operation: ParallelGCFailedAllocation done
Event: 1168.104 Executing VM operation: ParallelGCFailedAllocation
Event: 1170.317 Executing VM operation: ParallelGCFailedAllocation done
Event: 1170.317 Executing VM operation: ParallelGCFailedAllocation
Event: 1172.516 Executing VM operation: ParallelGCFailedAllocation done
Event: 1172.516 Executing VM operation: ParallelGCFailedAllocation

Events (20 events):
Event: 62.187 Thread 0x00007fb4ec0b4b70 flushing nmethod 0x00007fb4d47bf610
Event: 62.187 Thread 0x00007fb4ec0b4b70 flushing nmethod 0x00007fb4d4802e10
Event: 62.187 Thread 0x00007fb4ec0b4b70 flushing nmethod 0x00007fb4d4828110
Event: 62.187 Thread 0x00007fb4ec0b4b70 flushing nmethod 0x00007fb4d4877a10
Event: 62.187 Thread 0x00007fb4ec0b4b70 flushing nmethod 0x00007fb4d4878910
Event: 62.187 Thread 0x00007fb4ec0b4b70 flushing nmethod 0x00007fb4d4879310
Event: 62.187 Thread 0x00007fb4ec0b4b70 flushing nmethod 0x00007fb4d4879f10
Event: 86.197 Thread 0x00007fb470174ad0 Thread exited: 0x00007fb470174ad0
Event: 101.524 Thread 0x00007fb474000ff0 Thread exited: 0x00007fb474000ff0
Event: 101.524 Thread 0x0000559c79a3c1d0 Thread exited: 0x0000559c79a3c1d0
Event: 105.308 Thread 0x00007fb484508d10 Thread exited: 0x00007fb484508d10
Event: 106.503 Thread 0x00007fb488097990 Thread exited: 0x00007fb488097990
Event: 326.684 Thread 0x00007fb474000ff0 Thread added: 0x00007fb474000ff0
Event: 326.684 Protecting memory [0x00007fb499b00000,0x00007fb499b04000] with protection modes 0
Event: 360.703 Thread 0x00007fb47c11ba00 Thread added: 0x00007fb47c11ba00
Event: 360.703 Protecting memory [0x00007fb4d0900000,0x00007fb4d0904000] with protection modes 0
Event: 1078.116 loading class java/util/concurrent/ForkJoinPool$DefaultForkJoinWorkerThreadFactory$1
Event: 1078.116 loading class java/util/concurrent/ForkJoinPool$DefaultForkJoinWorkerThreadFactory$1 done
Event: 1078.116 Thread 0x00007fb488097990 Thread added: 0x00007fb488097990
Event: 1078.117 Protecting memory [0x00007fb4d0500000,0x00007fb4d0504000] with protection modes 0


Dynamic libraries:
e0000000-f5580000 rw-p 00000000 00:00 0 
f5580000-f7e00000 rw-p 00000000 00:00 0 
f7e00000-100000000 ---p 00000000 00:00 0 
800000000-800449000 rw-p 00001000 00:1576 4611686019135357769            /nix/store/gpxl5qgg8kicmcvivwmybwjlpf7wh20l-graalvm17-ce-22.3.0/lib/server/classes.jsa
800449000-800bc8000 r--p 0044a000 00:1576 4611686019135357769            /nix/store/gpxl5qgg8kicmcvivwmybwjlpf7wh20l-graalvm17-ce-22.3.0/lib/server/classes.jsa
800bc8000-800c00000 ---p 00000000 00:00 0 
800c00000-800c20000 rw-p 00000000 00:00 0 
800c20000-800c40000 rw-p 00000000 00:00 0 
800c40000-800cc0000 rw-p 00000000 00:00 0 
800cc0000-800d00000 rw-p 00000000 00:00 0 
800d00000-800dc0000 rw-p 00000000 00:00 0 
800dc0000-800e00000 rw-p 00000000 00:00 0 
800e00000-801190000 rw-p 00000000 00:00 0 
801190000-840c00000 ---p 00000000 00:00 0 
559c78372000-559c78373000 r-xp 00000000 00:1576 4611686019099417844      /nix/store/gpxl5qgg8kicmcvivwmybwjlpf7wh20l-graalvm17-ce-22.3.0/bin/.java-wrapped
559c78374000-559c78375000 r--p 00001000 00:1576 4611686019099417844      /nix/store/gpxl5qgg8kicmcvivwmybwjlpf7wh20l-graalvm17-ce-22.3.0/bin/.java-wrapped
559c78375000-559c78376000 rw-p 00002000 00:1576 4611686019099417844      /nix/store/gpxl5qgg8kicmcvivwmybwjlpf7wh20l-graalvm17-ce-22.3.0/bin/.java-wrapped
559c78376000-559c78377000 rw-p 00004000 00:1576 4611686019099417844      /nix/store/gpxl5qgg8kicmcvivwmybwjlpf7wh20l-graalvm17-ce-22.3.0/bin/.java-wrapped
559c78377000-559c78378000 rw-p 00005000 00:1576 4611686019099417844      /nix/store/gpxl5qgg8kicmcvivwmybwjlpf7wh20l-graalvm17-ce-22.3.0/bin/.java-wrapped
559c79a12000-559c79a99000 rw-p 00000000 00:00 0                          [heap]
7fb465300000-7fb465400000 ---p 00000000 00:00 0 
7fb465400000-7fb4659af000 r--p 01122000 00:1576 4611686019135190040      /nix/store/gpxl5qgg8kicmcvivwmybwjlpf7wh20l-graalvm17-ce-22.3.0/lib/libjvmcicompiler.so
7fb4659af000-7fb465b00000 r--p 00000000 00:00 0 
7fb465b00000-7fb465b3d000 rw-p 00000000 00:00 0 
7fb465b3d000-7fb46605d000 rw-p 0185f000 00:1576 4611686019135190040      /nix/store/gpxl5qgg8kicmcvivwmybwjlpf7wh20l-graalvm17-ce-22.3.0/lib/libjvmcicompiler.so
7fb46605d000-7fb466444000 r--p 01d7f000 00:1576 4611686019135190040      /nix/store/gpxl5qgg8kicmcvivwmybwjlpf7wh20l-graalvm17-ce-22.3.0/lib/libjvmcicompiler.so
7fb4664b3000-7fb470000000 r--s 00000000 00:1576 4611686019135192581      /nix/store/gpxl5qgg8kicmcvivwmybwjlpf7wh20l-graalvm17-ce-22.3.0/lib/modules
7fb470000000-7fb4701a9000 rw-p 00000000 00:00 0 
7fb4701a9000-7fb474000000 ---p 00000000 00:00 0 
7fb474000000-7fb47430b000 rw-p 00000000 00:00 0 
7fb47430b000-7fb478000000 ---p 00000000 00:00 0 
7fb478000000-7fb478021000 rw-p 00000000 00:00 0 
7fb478021000-7fb47c000000 ---p 00000000 00:00 0 
7fb47c000000-7fb47c1b7000 rw-p 00000000 00:00 0 
7fb47c1b7000-7fb480000000 ---p 00000000 00:00 0 
7fb480400000-7fb480510000 rw-p 00000000 00:00 0 
7fb480510000-7fb480c00000 ---p 00000000 00:00 0 
7fb481000000-7fb481800000 rw-p 00000000 00:00 0 
7fb481800000-7fb481f00000 rw-p 00000000 00:00 0 
7fb481f00000-7fb481f50000 rw-p 00000000 00:00 0 
7fb481f50000-7fb482000000 ---p 00000000 00:00 0 
7fb482c00000-7fb483380000 rw-p 00000000 00:00 0 
7fb483380000-7fb483400000 rw-p 00000000 00:00 0 
7fb483400000-7fb483500000 rw-p 00000000 00:00 0 
7fb483500000-7fb483600000 rw-p 00000000 00:00 0 
7fb483600000-7fb483b00000 rw-p 00000000 00:00 0 
7fb483b00000-7fb483c00000 rw-p 00000000 00:00 0 
7fb484000000-7fb48493b000 rw-p 00000000 00:00 0 
7fb48493b000-7fb488000000 ---p 00000000 00:00 0 
7fb488000000-7fb4880b8000 rw-p 00000000 00:00 0 
7fb4880b8000-7fb48c000000 ---p 00000000 00:00 0 
7fb48c000000-7fb48c021000 rw-p 00000000 00:00 0 
7fb48c021000-7fb490000000 ---p 00000000 00:00 0 
7fb490000000-7fb490021000 rw-p 00000000 00:00 0 
7fb490021000-7fb494000000 ---p 00000000 00:00 0 
7fb494000000-7fb494021000 rw-p 00000000 00:00 0 
7fb494021000-7fb498000000 ---p 00000000 00:00 0 
7fb498000000-7fb498100000 rw-p 00000000 00:00 0 
7fb498100000-7fb498200000 rw-p 00000000 00:00 0 
7fb498200000-7fb498780000 rw-p 00000000 00:00 0 
7fb498780000-7fb498800000 rw-p 00000000 00:00 0 
7fb498800000-7fb498810000 r-xp 00000000 00:1573 356                      /home/runner/.cache/jdt-language-server/config/org.eclipse.equinox.launcher/org.eclipse.equinox.launcher.gtk.linux.x86_64_1.2.400.v20211117-0650/eclipse_11600.so
7fb498810000-7fb498a0f000 ---p 00010000 00:1573 356                      /home/runner/.cache/jdt-language-server/config/org.eclipse.equinox.launcher/org.eclipse.equinox.launcher.gtk.linux.x86_64_1.2.400.v20211117-0650/eclipse_11600.so
7fb498a0f000-7fb498a10000 r--p 0000f000 00:1573 356                      /home/runner/.cache/jdt-language-server/config/org.eclipse.equinox.launcher/org.eclipse.equinox.launcher.gtk.linux.x86_64_1.2.400.v20211117-0650/eclipse_11600.so
7fb498a10000-7fb498a11000 rw-p 00010000 00:1573 356                      /home/runner/.cache/jdt-language-server/config/org.eclipse.equinox.launcher/org.eclipse.equinox.launcher.gtk.linux.x86_64_1.2.400.v20211117-0650/eclipse_11600.so
7fb499900000-7fb499904000 ---p 00000000 00:00 0 
7fb499904000-7fb499a00000 rw-p 00000000 00:00 0 
7fb499b00000-7fb499b04000 ---p 00000000 00:00 0 
7fb499b04000-7fb499c00000 rw-p 00000000 00:00 0 
7fb499d00000-7fb499d04000 ---p 00000000 00:00 0 
7fb499d04000-7fb499e00000 rw-p 00000000 00:00 0 
7fb499f00000-7fb499f04000 ---p 00000000 00:00 0 
7fb499f04000-7fb49a000000 rw-p 00000000 00:00 0 
7fb49a100000-7fb49a104000 ---p 00000000 00:00 0 
7fb49a104000-7fb49a200000 rw-p 00000000 00:00 0 
7fb49a300000-7fb49a304000 ---p 00000000 00:00 0 
7fb49a304000-7fb49a400000 rw-p 00000000 00:00 0 
7fb49a500000-7fb49a504000 ---p 00000000 00:00 0 
7fb49a504000-7fb49a600000 rw-p 00000000 00:00 0 
7fb49a700000-7fb49a704000 ---p 00000000 00:00 0 
7fb49a704000-7fb49a800000 rw-p 00000000 00:00 0 
7fb49a800000-7fb49a804000 ---p 00000000 00:00 0 
7fb49a804000-7fb49a900000 rw-p 00000000 00:00 0 
7fb49a900000-7fb49a904000 ---p 00000000 00:00 0 
7fb49a904000-7fb49aa00000 rw-p 00000000 00:00 0 
7fb49ab00000-7fb49ab04000 ---p 00000000 00:00 0 
7fb49ab04000-7fb49ac00000 rw-p 00000000 00:00 0 
7fb49ad00000-7fb49ad04000 ---p 00000000 00:00 0 
7fb49ad04000-7fb49ae00000 rw-p 00000000 00:00 0 
7fb49ba68000-7fb49bf00000 rw-p 00000000 00:00 0 
7fb49c000000-7fb49c03f000 rw-p 00000000 00:00 0 
7fb49c03f000-7fb4a0000000 ---p 00000000 00:00 0 
7fb4a0000000-7fb4a0021000 rw-p 00000000 00:00 0 
7fb4a0021000-7fb4a4000000 ---p 00000000 00:00 0 
7fb4a4000000-7fb4a406b000 rw-p 00000000 00:00 0 
7fb4a406b000-7fb4a8000000 ---p 00000000 00:00 0 
7fb4a8000000-7fb4a803a000 rw-p 00000000 00:00 0 
7fb4a803a000-7fb4ac000000 ---p 00000000 00:00 0 
7fb4ac000000-7fb4ac155000 rw-p 00000000 00:00 0 
7fb4ac155000-7fb4b0000000 ---p 00000000 00:00 0 
7fb4b0000000-7fb4b0a5f000 rw-p 00000000 00:00 0 
7fb4b0a5f000-7fb4b4000000 ---p 00000000 00:00 0 
7fb4b4000000-7fb4b40a4000 rw-p 00000000 00:00 0 
7fb4b40a4000-7fb4b8000000 ---p 00000000 00:00 0 
7fb4b8000000-7fb4b8065000 rw-p 00000000 00:00 0 
7fb4b8065000-7fb4bc000000 ---p 00000000 00:00 0 
7fb4bc000000-7fb4bc021000 rw-p 00000000 00:00 0 
7fb4bc021000-7fb4c0000000 ---p 00000000 00:00 0 
7fb4c0000000-7fb4c0021000 rw-p 00000000 00:00 0 
7fb4c0021000-7fb4c4000000 ---p 00000000 00:00 0 
7fb4c4000000-7fb4c4021000 rw-p 00000000 00:00 0 
7fb4c4021000-7fb4c8000000 ---p 00000000 00:00 0 
7fb4c8000000-7fb4c8021000 rw-p 00000000 00:00 0 
7fb4c8021000-7fb4cc000000 ---p 00000000 00:00 0 
7fb4cc000000-7fb4cc05d000 rw-p 00000000 00:00 0 
7fb4cc05d000-7fb4d0000000 ---p 00000000 00:00 0 
7fb4d0100000-7fb4d0104000 ---p 00000000 00:00 0 
7fb4d0104000-7fb4d0200000 rw-p 00000000 00:00 0 
7fb4d0300000-7fb4d0304000 ---p 00000000 00:00 0 
7fb4d0304000-7fb4d0400000 rw-p 00000000 00:00 0 
7fb4d0400000-7fb4d0404000 ---p 00000000 00:00 0 
7fb4d0404000-7fb4d0500000 rw-p 00000000 00:00 0 
7fb4d0500000-7fb4d0504000 ---p 00000000 00:00 0 
7fb4d0504000-7fb4d0600000 rw-p 00000000 00:00 0 
7fb4d0700000-7fb4d0704000 ---p 00000000 00:00 0 
7fb4d0704000-7fb4d0800000 rw-p 00000000 00:00 0 
7fb4d0800000-7fb4d0804000 ---p 00000000 00:00 0 
7fb4d0804000-7fb4d0900000 rw-p 00000000 00:00 0 
7fb4d0900000-7fb4d0904000 ---p 00000000 00:00 0 
7fb4d0904000-7fb4d0a00000 rw-p 00000000 00:00 0 
7fb4d0b00000-7fb4d0b04000 ---p 00000000 00:00 0 
7fb4d0b04000-7fb4d0c00000 rw-p 00000000 00:00 0 
7fb4d0c00000-7fb4d0c04000 ---p 00000000 00:00 0 
7fb4d0c04000-7fb4d0d00000 rw-p 00000000 00:00 0 
7fb4d0d00000-7fb4d0d04000 ---p 00000000 00:00 0 
7fb4d0d04000-7fb4d0e00000 rw-p 00000000 00:00 0 
7fb4d0f00000-7fb4d0f04000 ---p 00000000 00:00 0 
7fb4d0f04000-7fb4d1000000 rw-p 00000000 00:00 0 
7fb4d1000000-7fb4d316a000 r-xp 00000000 00:1576 4611686019135190040      /nix/store/gpxl5qgg8kicmcvivwmybwjlpf7wh20l-graalvm17-ce-22.3.0/lib/libjvmcicompiler.so
7fb4d316a000-7fb4d3369000 ---p 0216a000 00:1576 4611686019135190040      /nix/store/gpxl5qgg8kicmcvivwmybwjlpf7wh20l-graalvm17-ce-22.3.0/lib/libjvmcicompiler.so
7fb4d3369000-7fb4d336a000 r--p 02169000 00:1576 4611686019135190040      /nix/store/gpxl5qgg8kicmcvivwmybwjlpf7wh20l-graalvm17-ce-22.3.0/lib/libjvmcicompiler.so
7fb4d336a000-7fb4d336c000 rw-p 0216a000 00:1576 4611686019135190040      /nix/store/gpxl5qgg8kicmcvivwmybwjlpf7wh20l-graalvm17-ce-22.3.0/lib/libjvmcicompiler.so
7fb4d336c000-7fb4d336d000 rw-p 00000000 00:00 0 
7fb4d336d000-7fb4d3372000 rw-p 023c3000 00:1576 4611686019135190040      /nix/store/gpxl5qgg8kicmcvivwmybwjlpf7wh20l-graalvm17-ce-22.3.0/lib/libjvmcicompiler.so
7fb4d33b3000-7fb4d33b7000 ---p 00000000 00:00 0 
7fb4d33b7000-7fb4d34b3000 rw-p 00000000 00:00 0 
7fb4d34b3000-7fb4d3723000 rwxp 00000000 00:00 0 
7fb4d3723000-7fb4d3a42000 ---p 00000000 00:00 0 
7fb4d3a42000-7fb4d4922000 rwxp 00000000 00:00 0 
7fb4d4922000-7fb4daf7a000 ---p 00000000 00:00 0 
7fb4daf7a000-7fb4db1fa000 rwxp 00000000 00:00 0 
7fb4db1fa000-7fb4e24b3000 ---p 00000000 00:00 0 
7fb4e24b3000-7fb4ec000000 r--s 00000000 00:1576 4611686019135192581      /nix/store/gpxl5qgg8kicmcvivwmybwjlpf7wh20l-graalvm17-ce-22.3.0/lib/modules
7fb4ec000000-7fb4ec3fb000 rw-p 00000000 00:00 0 
7fb4ec3fb000-7fb4f0000000 ---p 00000000 00:00 0 
7fb4f0000000-7fb4f0004000 ---p 00000000 00:00 0 
7fb4f0004000-7fb4f0100000 rw-p 00000000 00:00 0 
7fb4f0100000-7fb4f0104000 ---p 00000000 00:00 0 
7fb4f0104000-7fb4f0200000 rw-p 00000000 00:00 0 
7fb4f0200000-7fb4f0204000 ---p 00000000 00:00 0 
7fb4f0204000-7fb4f0300000 rw-p 00000000 00:00 0 
7fb4f0418000-7fb4f0419000 ---p 00000000 00:00 0 
7fb4f0419000-7fb4f051a000 rw-p 00000000 00:00 0 
7fb4f051a000-7fb4f051e000 ---p 00000000 00:00 0 
7fb4f051e000-7fb4f061a000 rw-p 00000000 00:00 0 
7fb4f061a000-7fb4f061e000 ---p 00000000 00:00 0 
7fb4f061e000-7fb4f071a000 rw-p 00000000 00:00 0 
7fb4f071a000-7fb4f071e000 ---p 00000000 00:00 0 
7fb4f071e000-7fb4f081a000 rw-p 00000000 00:00 0 
7fb4f081a000-7fb4f081e000 ---p 00000000 00:00 0 
7fb4f081e000-7fb4f0a1a000 rw-p 00000000 00:00 0 
7fb4f0a1a000-7fb4f0a1e000 ---p 00000000 00:00 0 
7fb4f0a1e000-7fb4f0c1a000 rw-p 00000000 00:00 0 
7fb4f0c1a000-7fb4f0c1e000 ---p 00000000 00:00 0 
7fb4f0c1e000-7fb4f0d1a000 rw-p 00000000 00:00 0 
7fb4f0d1a000-7fb4f0d1e000 ---p 00000000 00:00 0 
7fb4f0d1e000-7fb4f0e1a000 rw-p 00000000 00:00 0 
7fb4f0e1a000-7fb4f0e1e000 ---p 00000000 00:00 0 
7fb4f0e1e000-7fb4f0f1a000 rw-p 00000000 00:00 0 
7fb4f0f1a000-7fb4f1200000 r--p 00000000 00:1562 28444448                 /usr/lib/locale/locale-archive
7fb4f1200000-7fb4f1204000 ---p 00000000 00:00 0 
7fb4f1204000-7fb4f1300000 rw-p 00000000 00:00 0 
7fb4f1300000-7fb4f1304000 ---p 00000000 00:00 0 
7fb4f1304000-7fb4f1800000 rw-p 00000000 00:00 0 
7fb4f1800000-7fb4f1ac0000 rw-p 00000000 00:00 0 
7fb4f1ac0000-7fb4f1b00000 rw-p 00000000 00:00 0 
7fb4f1b00000-7fb4f1c00000 rw-p 00000000 00:00 0 
7fb4f1c5d000-7fb4f1c61000 ---p 00000000 00:00 0 
7fb4f1c61000-7fb4f1c7f000 rw-p 00000000 00:00 0 
7fb4f1c7f000-7fb4f1c86000 r-xp 00000000 00:1576 4611686019135192580      /nix/store/gpxl5qgg8kicmcvivwmybwjlpf7wh20l-graalvm17-ce-22.3.0/lib/libzip.so
7fb4f1c86000-7fb4f1c87000 ---p 00007000 00:1576 4611686019135192580      /nix/store/gpxl5qgg8kicmcvivwmybwjlpf7wh20l-graalvm17-ce-22.3.0/lib/libzip.so
7fb4f1c87000-7fb4f1c88000 r--p 00007000 00:1576 4611686019135192580      /nix/store/gpxl5qgg8kicmcvivwmybwjlpf7wh20l-graalvm17-ce-22.3.0/lib/libzip.so
7fb4f1c88000-7fb4f1c89000 rw-p 00008000 00:1576 4611686019135192580      /nix/store/gpxl5qgg8kicmcvivwmybwjlpf7wh20l-graalvm17-ce-22.3.0/lib/libzip.so
7fb4f1c89000-7fb4f1c8b000 rw-p 0000b000 00:1576 4611686019135192580      /nix/store/gpxl5qgg8kicmcvivwmybwjlpf7wh20l-graalvm17-ce-22.3.0/lib/libzip.so
7fb4f1c8b000-7fb4f1ca0000 r-xp 00000000 00:1576 4611686019135192570      /nix/store/gpxl5qgg8kicmcvivwmybwjlpf7wh20l-graalvm17-ce-22.3.0/lib/libnet.so
7fb4f1ca0000-7fb4f1ca1000 ---p 00015000 00:1576 4611686019135192570      /nix/store/gpxl5qgg8kicmcvivwmybwjlpf7wh20l-graalvm17-ce-22.3.0/lib/libnet.so
7fb4f1ca1000-7fb4f1ca2000 r--p 00015000 00:1576 4611686019135192570      /nix/store/gpxl5qgg8kicmcvivwmybwjlpf7wh20l-graalvm17-ce-22.3.0/lib/libnet.so
7fb4f1ca2000-7fb4f1ca3000 rw-p 00016000 00:1576 4611686019135192570      /nix/store/gpxl5qgg8kicmcvivwmybwjlpf7wh20l-graalvm17-ce-22.3.0/lib/libnet.so
7fb4f1ca3000-7fb4f1ca6000 rw-p 0001b000 00:1576 4611686019135192570      /nix/store/gpxl5qgg8kicmcvivwmybwjlpf7wh20l-graalvm17-ce-22.3.0/lib/libnet.so
7fb4f1ca6000-7fb4f1cb9000 r-xp 00000000 00:1576 4611686019135192571      /nix/store/gpxl5qgg8kicmcvivwmybwjlpf7wh20l-graalvm17-ce-22.3.0/lib/libnio.so
7fb4f1cb9000-7fb4f1cba000 r--p 00012000 00:1576 4611686019135192571      /nix/store/gpxl5qgg8kicmcvivwmybwjlpf7wh20l-graalvm17-ce-22.3.0/lib/libnio.so
7fb4f1cba000-7fb4f1cbb000 rw-p 00013000 00:1576 4611686019135192571      /nix/store/gpxl5qgg8kicmcvivwmybwjlpf7wh20l-graalvm17-ce-22.3.0/lib/libnio.so
7fb4f1cbb000-7fb4f1cc0000 rw-p 00019000 00:1576 4611686019135192571      /nix/store/gpxl5qgg8kicmcvivwmybwjlpf7wh20l-graalvm17-ce-22.3.0/lib/libnio.so
7fb4f1cc0000-7fb4f1cc1000 ---p 00000000 00:00 0 
7fb4f1cc1000-7fb4f1dc2000 rw-p 00000000 00:00 0 
7fb4f1dc2000-7fb4f1e90000 r-xp 00000000 00:1576 4611686019135190036      /nix/store/gpxl5qgg8kicmcvivwmybwjlpf7wh20l-graalvm17-ce-22.3.0/lib/libjsvml.so
7fb4f1e90000-7fb4f1e91000 r--p 000cd000 00:1576 4611686019135190036      /nix/store/gpxl5qgg8kicmcvivwmybwjlpf7wh20l-graalvm17-ce-22.3.0/lib/libjsvml.so
7fb4f1e91000-7fb4f1e92000 rw-p 000ce000 00:1576 4611686019135190036      /nix/store/gpxl5qgg8kicmcvivwmybwjlpf7wh20l-graalvm17-ce-22.3.0/lib/libjsvml.so
7fb4f1e92000-7fb4f376a000 rw-p 00000000 00:00 0 
7fb4f376a000-7fb4f376b000 ---p 00000000 00:00 0 
7fb4f376b000-7fb4f3916000 rw-p 00000000 00:00 0 
7fb4f3916000-7fb4f392b000 rw-p 00000000 00:00 0 
7fb4f392b000-7fb4f396c000 ---p 00000000 00:00 0 
7fb4f396c000-7fb4f3972000 rw-p 00000000 00:00 0 
7fb4f3972000-7fb4f3a58000 ---p 00000000 00:00 0 
7fb4f3a58000-7fb4f3a76000 rw-p 00000000 00:00 0 
7fb4f3a76000-7fb4f3b43000 ---p 00000000 00:00 0 
7fb4f3b43000-7fb4f3b48000 rw-p 00000000 00:00 0 
7fb4f3b48000-7fb4f3b4f000 ---p 00000000 00:00 0 
7fb4f3b4f000-7fb4f3b73000 r-xp 00000000 00:1576 4611686019135190028      /nix/store/gpxl5qgg8kicmcvivwmybwjlpf7wh20l-graalvm17-ce-22.3.0/lib/libjava.so
7fb4f3b73000-7fb4f3b74000 ---p 00024000 00:1576 4611686019135190028      /nix/store/gpxl5qgg8kicmcvivwmybwjlpf7wh20l-graalvm17-ce-22.3.0/lib/libjava.so
7fb4f3b74000-7fb4f3b75000 r--p 00024000 00:1576 4611686019135190028      /nix/store/gpxl5qgg8kicmcvivwmybwjlpf7wh20l-graalvm17-ce-22.3.0/lib/libjava.so
7fb4f3b75000-7fb4f3b76000 rw-p 00025000 00:1576 4611686019135190028      /nix/store/gpxl5qgg8kicmcvivwmybwjlpf7wh20l-graalvm17-ce-22.3.0/lib/libjava.so
7fb4f3b76000-7fb4f3b77000 rw-p 00000000 00:00 0 
7fb4f3b77000-7fb4f3b7e000 rw-p 0002f000 00:1576 4611686019135190028      /nix/store/gpxl5qgg8kicmcvivwmybwjlpf7wh20l-graalvm17-ce-22.3.0/lib/libjava.so
7fb4f3b7e000-7fb4f3b86000 rw-s 00000000 00:3ff 597                       /tmp/hsperfdata_runner/14724
7fb4f3b86000-7fb4f3b87000 ---p 00000000 00:00 0 
7fb4f3b87000-7fb4f3b88000 r--p 00000000 00:00 0 
7fb4f3b88000-7fb4f3b89000 rwxp 00000000 00:00 0 
7fb4f3b89000-7fb4f3ba4000 r-xp 00000000 00:1576 4611686019135190032      /nix/store/gpxl5qgg8kicmcvivwmybwjlpf7wh20l-graalvm17-ce-22.3.0/lib/libjimage.so
7fb4f3ba4000-7fb4f3ba5000 ---p 0001b000 00:1576 4611686019135190032      /nix/store/gpxl5qgg8kicmcvivwmybwjlpf7wh20l-graalvm17-ce-22.3.0/lib/libjimage.so
7fb4f3ba5000-7fb4f3ba7000 r--p 0001b000 00:1576 4611686019135190032      /nix/store/gpxl5qgg8kicmcvivwmybwjlpf7wh20l-graalvm17-ce-22.3.0/lib/libjimage.so
7fb4f3ba7000-7fb4f3ba8000 rw-p 0001d000 00:1576 4611686019135190032      /nix/store/gpxl5qgg8kicmcvivwmybwjlpf7wh20l-graalvm17-ce-22.3.0/lib/libjimage.so
7fb4f3ba8000-7fb4f3ba9000 rw-p 00024000 00:1576 4611686019135190032      /nix/store/gpxl5qgg8kicmcvivwmybwjlpf7wh20l-graalvm17-ce-22.3.0/lib/libjimage.so
7fb4f3ba9000-7fb4f3bad000 ---p 00000000 00:00 0 
7fb4f3bad000-7fb4f3ca9000 rw-p 00000000 00:00 0 
7fb4f3ca9000-7fb4f3cb7000 r--p 00000000 00:1576 4611686019027979927      /nix/store/4nlgxhb09sdr51nc9hdm8az5b08vzkgx-glibc-2.35-163/lib/libm.so.6
7fb4f3cb7000-7fb4f3d2a000 r-xp 0000e000 00:1576 4611686019027979927      /nix/store/4nlgxhb09sdr51nc9hdm8az5b08vzkgx-glibc-2.35-163/lib/libm.so.6
7fb4f3d2a000-7fb4f3d87000 r--p 00081000 00:1576 4611686019027979927      /nix/store/4nlgxhb09sdr51nc9hdm8az5b08vzkgx-glibc-2.35-163/lib/libm.so.6
7fb4f3d87000-7fb4f3d88000 r--p 000dd000 00:1576 4611686019027979927      /nix/store/4nlgxhb09sdr51nc9hdm8az5b08vzkgx-glibc-2.35-163/lib/libm.so.6
7fb4f3d88000-7fb4f3d89000 rw-p 000de000 00:1576 4611686019027979927      /nix/store/4nlgxhb09sdr51nc9hdm8az5b08vzkgx-glibc-2.35-163/lib/libm.so.6
7fb4f3d89000-7fb4f3d8a000 r--p 00000000 00:1576 4611686019027979946      /nix/store/4nlgxhb09sdr51nc9hdm8az5b08vzkgx-glibc-2.35-163/lib/librt.so.1
7fb4f3d8a000-7fb4f3d8b000 r-xp 00001000 00:1576 4611686019027979946      /nix/store/4nlgxhb09sdr51nc9hdm8az5b08vzkgx-glibc-2.35-163/lib/librt.so.1
7fb4f3d8b000-7fb4f3d8c000 r--p 00002000 00:1576 4611686019027979946      /nix/store/4nlgxhb09sdr51nc9hdm8az5b08vzkgx-glibc-2.35-163/lib/librt.so.1
7fb4f3d8c000-7fb4f3d8d000 r--p 00002000 00:1576 4611686019027979946      /nix/store/4nlgxhb09sdr51nc9hdm8az5b08vzkgx-glibc-2.35-163/lib/librt.so.1
7fb4f3d8d000-7fb4f3d8e000 rw-p 00003000 00:1576 4611686019027979946      /nix/store/4nlgxhb09sdr51nc9hdm8az5b08vzkgx-glibc-2.35-163/lib/librt.so.1
7fb4f3d8e000-7fb4f4ea1000 r-xp 00000000 00:1576 4611686019135360866      /nix/store/gpxl5qgg8kicmcvivwmybwjlpf7wh20l-graalvm17-ce-22.3.0/lib/server/libjvm.so
7fb4f4ea1000-7fb4f4ea2000 ---p 01113000 00:1576 4611686019135360866      /nix/store/gpxl5qgg8kicmcvivwmybwjlpf7wh20l-graalvm17-ce-22.3.0/lib/server/libjvm.so
7fb4f4ea2000-7fb4f4f57000 r--p 01113000 00:1576 4611686019135360866      /nix/store/gpxl5qgg8kicmcvivwmybwjlpf7wh20l-graalvm17-ce-22.3.0/lib/server/libjvm.so
7fb4f4f57000-7fb4f4f8b000 rw-p 011c8000 00:1576 4611686019135360866      /nix/store/gpxl5qgg8kicmcvivwmybwjlpf7wh20l-graalvm17-ce-22.3.0/lib/server/libjvm.so
7fb4f4f8b000-7fb4f4fe7000 rw-p 00000000 00:00 0 
7fb4f4fe7000-7fb4f500f000 r--p 00000000 00:1576 4611686019027979918      /nix/store/4nlgxhb09sdr51nc9hdm8az5b08vzkgx-glibc-2.35-163/lib/libc.so.6
7fb4f500f000-7fb4f5185000 r-xp 00028000 00:1576 4611686019027979918      /nix/store/4nlgxhb09sdr51nc9hdm8az5b08vzkgx-glibc-2.35-163/lib/libc.so.6
7fb4f5185000-7fb4f51dd000 r--p 0019e000 00:1576 4611686019027979918      /nix/store/4nlgxhb09sdr51nc9hdm8az5b08vzkgx-glibc-2.35-163/lib/libc.so.6
7fb4f51dd000-7fb4f51e1000 r--p 001f6000 00:1576 4611686019027979918      /nix/store/4nlgxhb09sdr51nc9hdm8az5b08vzkgx-glibc-2.35-163/lib/libc.so.6
7fb4f51e1000-7fb4f51e3000 rw-p 001fa000 00:1576 4611686019027979918      /nix/store/4nlgxhb09sdr51nc9hdm8az5b08vzkgx-glibc-2.35-163/lib/libc.so.6
7fb4f51e3000-7fb4f51f2000 rw-p 00000000 00:00 0 
7fb4f51f2000-7fb4f51f3000 r--p 00000000 00:1576 4611686019027979923      /nix/store/4nlgxhb09sdr51nc9hdm8az5b08vzkgx-glibc-2.35-163/lib/libdl.so.2
7fb4f51f3000-7fb4f51f4000 r-xp 00001000 00:1576 4611686019027979923      /nix/store/4nlgxhb09sdr51nc9hdm8az5b08vzkgx-glibc-2.35-163/lib/libdl.so.2
7fb4f51f4000-7fb4f51f5000 r--p 00002000 00:1576 4611686019027979923      /nix/store/4nlgxhb09sdr51nc9hdm8az5b08vzkgx-glibc-2.35-163/lib/libdl.so.2
7fb4f51f5000-7fb4f51f6000 r--p 00002000 00:1576 4611686019027979923      /nix/store/4nlgxhb09sdr51nc9hdm8az5b08vzkgx-glibc-2.35-163/lib/libdl.so.2
7fb4f51f6000-7fb4f51f7000 rw-p 00003000 00:1576 4611686019027979923      /nix/store/4nlgxhb09sdr51nc9hdm8az5b08vzkgx-glibc-2.35-163/lib/libdl.so.2
7fb4f51f7000-7fb4f51f8000 r--p 00000000 00:1576 4611686019027979942      /nix/store/4nlgxhb09sdr51nc9hdm8az5b08vzkgx-glibc-2.35-163/lib/libpthread.so.0
7fb4f51f8000-7fb4f51f9000 r-xp 00001000 00:1576 4611686019027979942      /nix/store/4nlgxhb09sdr51nc9hdm8az5b08vzkgx-glibc-2.35-163/lib/libpthread.so.0
7fb4f51f9000-7fb4f51fa000 r--p 00002000 00:1576 4611686019027979942      /nix/store/4nlgxhb09sdr51nc9hdm8az5b08vzkgx-glibc-2.35-163/lib/libpthread.so.0
7fb4f51fa000-7fb4f51fb000 r--p 00002000 00:1576 4611686019027979942      /nix/store/4nlgxhb09sdr51nc9hdm8az5b08vzkgx-glibc-2.35-163/lib/libpthread.so.0
7fb4f51fb000-7fb4f51fc000 rw-p 00003000 00:1576 4611686019027979942      /nix/store/4nlgxhb09sdr51nc9hdm8az5b08vzkgx-glibc-2.35-163/lib/libpthread.so.0
7fb4f51fc000-7fb4f520a000 r-xp 00000000 00:1576 4611686019135190033      /nix/store/gpxl5qgg8kicmcvivwmybwjlpf7wh20l-graalvm17-ce-22.3.0/lib/libjli.so
7fb4f520a000-7fb4f520b000 ---p 0000e000 00:1576 4611686019135190033      /nix/store/gpxl5qgg8kicmcvivwmybwjlpf7wh20l-graalvm17-ce-22.3.0/lib/libjli.so
7fb4f520b000-7fb4f520c000 r--p 0000e000 00:1576 4611686019135190033      /nix/store/gpxl5qgg8kicmcvivwmybwjlpf7wh20l-graalvm17-ce-22.3.0/lib/libjli.so
7fb4f520c000-7fb4f520d000 rw-p 0000f000 00:1576 4611686019135190033      /nix/store/gpxl5qgg8kicmcvivwmybwjlpf7wh20l-graalvm17-ce-22.3.0/lib/libjli.so
7fb4f520d000-7fb4f520e000 rw-p 00012000 00:1576 4611686019135190033      /nix/store/gpxl5qgg8kicmcvivwmybwjlpf7wh20l-graalvm17-ce-22.3.0/lib/libjli.so
7fb4f520e000-7fb4f5211000 r--p 00000000 00:1576 4611686019106210071      /nix/store/026hln0aq1hyshaxsdvhg0kmcm6yf45r-zlib-1.2.13/lib/libz.so.1.2.13
7fb4f5211000-7fb4f5223000 r-xp 00003000 00:1576 4611686019106210071      /nix/store/026hln0aq1hyshaxsdvhg0kmcm6yf45r-zlib-1.2.13/lib/libz.so.1.2.13
7fb4f5223000-7fb4f522a000 r--p 00015000 00:1576 4611686019106210071      /nix/store/026hln0aq1hyshaxsdvhg0kmcm6yf45r-zlib-1.2.13/lib/libz.so.1.2.13
7fb4f522a000-7fb4f522b000 r--p 0001b000 00:1576 4611686019106210071      /nix/store/026hln0aq1hyshaxsdvhg0kmcm6yf45r-zlib-1.2.13/lib/libz.so.1.2.13
7fb4f522b000-7fb4f522c000 rw-p 0001c000 00:1576 4611686019106210071      /nix/store/026hln0aq1hyshaxsdvhg0kmcm6yf45r-zlib-1.2.13/lib/libz.so.1.2.13
7fb4f522c000-7fb4f522e000 rw-p 00000000 00:00 0 
7fb4f522e000-7fb4f5230000 r--p 00000000 00:1576 4611686019027979912      /nix/store/4nlgxhb09sdr51nc9hdm8az5b08vzkgx-glibc-2.35-163/lib/ld-linux-x86-64.so.2
7fb4f5230000-7fb4f5257000 r-xp 00002000 00:1576 4611686019027979912      /nix/store/4nlgxhb09sdr51nc9hdm8az5b08vzkgx-glibc-2.35-163/lib/ld-linux-x86-64.so.2
7fb4f5257000-7fb4f5263000 r--p 00029000 00:1576 4611686019027979912      /nix/store/4nlgxhb09sdr51nc9hdm8az5b08vzkgx-glibc-2.35-163/lib/ld-linux-x86-64.so.2
7fb4f5263000-7fb4f5265000 r--p 00034000 00:1576 4611686019027979912      /nix/store/4nlgxhb09sdr51nc9hdm8az5b08vzkgx-glibc-2.35-163/lib/ld-linux-x86-64.so.2
7fb4f5265000-7fb4f5267000 rw-p 00036000 00:1576 4611686019027979912      /nix/store/4nlgxhb09sdr51nc9hdm8az5b08vzkgx-glibc-2.35-163/lib/ld-linux-x86-64.so.2
7ffef1887000-7ffef18ac000 rw-p 00000000 00:00 0                          [stack]
7ffef18d8000-7ffef18dc000 r--p 00000000 00:00 0                          [vvar]
7ffef18dc000-7ffef18de000 r-xp 00000000 00:00 0                          [vdso]
ffffffffff600000-ffffffffff601000 --xp 00000000 00:00 0                  [vsyscall]


VM Arguments:
jvm_args: -XX:ThreadPriorityPolicy=1 -XX:+UnlockExperimentalVMOptions -XX:+EnableJVMCIProduct -XX:JVMCIThreadsPerNativeLibraryRuntime=1 -XX:-UnlockExperimentalVMOptions -Declipse.application=org.eclipse.jdt.ls.core.id1 -Dosgi.bundles.defaultStartLevel=4 -Declipse.product=org.eclipse.jdt.ls.core.product -Dlog.level=ALL -Xverify:none -XX:+UseParallelGC -XX:GCTimeRatio=4 -XX:AdaptiveSizePolicyWeight=90 -Dsun.zip.disableMemoryMapping=true -Xmx512m -Xms100m 
java_command: /nix/store/m6gcpi1ii6rghy04cjwjddcavv7i90df-jdt-language-server-1.9.0/share/java/plugins/org.eclipse.equinox.launcher_1.6.400.v20210924-0641.jar --add-modules=ALL-SYSTEM --add-opens java.base/java.util=ALL-UNNAMED --add-opens java.base/java.lang=ALL-UNNAMED -configuration /home/runner/.cache/jdt-language-server/config -data /home/runner/.cache/jdt-language-server/data/home/runner/JavaProgram
java_class_path (initial): /nix/store/m6gcpi1ii6rghy04cjwjddcavv7i90df-jdt-language-server-1.9.0/share/java/plugins/org.eclipse.equinox.launcher_1.6.400.v20210924-0641.jar
Launcher Type: SUN_STANDARD

[Global flags]
    uintx AdaptiveSizePolicyWeight                 = 90                                        {product} {command line}
     intx CICompilerCount                          = 2                                         {product} {ergonomic}
     bool EnableJVMCIProduct                       = true                                {JVMCI product} {jimage}
    uintx GCTimeRatio                              = 4                                         {product} {command line}
   size_t InitialHeapSize                          = 104857600                                 {product} {command line}
     uint JVMCIThreadsPerNativeLibraryRuntime      = 1                                   {JVMCI product} {jimage}
   size_t MaxHeapSize                              = 536870912                                 {product} {command line}
   size_t MaxNewSize                               = 178782208                                 {product} {ergonomic}
   size_t MinHeapDeltaBytes                        = 524288                                    {product} {ergonomic}
   size_t MinHeapSize                              = 104857600                                 {product} {command line}
   size_t NewSize                                  = 34603008                                  {product} {ergonomic}
    uintx NonNMethodCodeHeapSize                   = 5826188                                {pd product} {ergonomic}
    uintx NonProfiledCodeHeapSize                  = 122916026                              {pd product} {ergonomic}
   size_t OldSize                                  = 70254592                                  {product} {ergonomic}
    uintx ProfiledCodeHeapSize                     = 122916026                              {pd product} {ergonomic}
    uintx ReservedCodeCacheSize                    = 251658240                              {pd product} {ergonomic}
     bool SegmentedCodeCache                       = true                                      {product} {ergonomic}
   size_t SoftMaxHeapSize                          = 536870912                              {manageable} {ergonomic}
     intx ThreadPriorityPolicy                     = 1                                         {product} {jimage}
     bool UseCompressedClassPointers               = true                           {product lp64_product} {ergonomic}
     bool UseCompressedOops                        = true                           {product lp64_product} {ergonomic}
     bool UseParallelGC                            = true                                      {product} {command line}

Logging:
Log output configuration:
 #0: stdout all=warning uptime,level,tags
 #1: stderr all=off uptime,level,tags

Environment Variables:
JAVA_HOME=/nix/store/gpxl5qgg8kicmcvivwmybwjlpf7wh20l-graalvm17-ce-22.3.0
PATH=/nix/store/1d6ian3r8kdzspw8hacjhl3xkp40g1lj-binutils-wrapper-2.39/bin:/nix/store/dq0xwmsk1g0i2ayg6pb7y87na2knzylh-gcc-wrapper-11.3.0/bin:/nix/store/bap4d0lpcrhpwmpb8ayjcgkmvfj62lnq-bash-interactive-5.1-p16/bin:/nix/store/pr5n59mb4jzmfx6kanwxly0l07p861fg-patchelf-0.15.0/bin:/nix/store/1gf2flfqnpqbr1b4p4qz2f72y42bs56r-gcc-11.3.0/bin:/nix/store/57xv61c5zi8pphjbcwxxjlgc34p61ic9-glibc-2.35-163-bin/bin:/nix/store/a7gvj343m05j2s32xcnwr35v31ynlypr-coreutils-9.1/bin:/nix/store/039g378vc3pc3dvi9dzdlrd0i4q93qwf-binutils-2.39/bin:/nix/store/gpxl5qgg8kicmcvivwmybwjlpf7wh20l-graalvm17-ce-22.3.0/bin:/nix/store/6z9ag3ihc8mq2hzsw48lhbznvzny65nz-apache-maven-3.8.6/bin:/nix/store/m6gcpi1ii6rghy04cjwjddcavv7i90df-jdt-language-server-1.9.0/bin:/nix/store/84xs5alhs01zrbr4ywm05kxbjbp5590l-java-debug/bin:/nix/store/mydc6f4k2z73xlcz7ilif3v2lcaiqvza-findutils-4.9.0/bin:/nix/store/j9p3g8472iijd50vhdprx0nmk2fqn5gv-diffutils-3.8/bin:/nix/store/89zs7rms6x00xfq4dq6m7mjnhkr8a6r4-gnused-4.8/bin:/nix/store/86bp03jkmsl6f92w0yzg4s59g5mhxwmy-gnugrep-3.7/bin:/nix/store/hwcdqw4jrjnd37wxqgsd47hd0j8bnj09-gawk-5.1.1/bin:/nix/store/cfbhw8r8ags41vwqaz47r583d0p4h4a1-gnutar-1.34/bin:/nix/store/p3m1ndl1lapwrlh698bnb5lvvxh67378-gzip-1.12/bin:/nix/store/a8mhcagrsly7c7mpjrpsnaahk4aax056-bzip2-1.0.8-bin/bin:/nix/store/mblgz65m3zv9x548a3d5m96fj2pbwr09-gnumake-4.3/bin:/nix/store/dsd5gz46hdbdk2rfdimqddhq6m8m8fqs-bash-5.1-p16/bin:/nix/store/v7ljksji50mg3w61dykaa3n3y79n6nil-patch-2.7.6/bin:/nix/store/zlcnmqq14jz5x9439jf937mvayyl63da-xz-5.2.7-bin/bin:/nix/store/y6aj732zm9m87c82fpvf103a1xb22blp-file-5.43/bin:/nix/store/i4kzir3m7mrisxmf5xvlnkw01x4qaqr4-prybar-elisp-0.0.0-e0d9a52/bin:/nix/store/lwwivxf6h7x3cvxp9zv8sj0mv7dak99r-prybar-lua-0.0.0-e0d9a52/bin:/nix/store/gxj28g1cg4hq3qanmjv07156h800qr58-prybar-python3-0.0.0-e0d9a52/bin:/nix/store/hshkjnxrgidigf8x75vg6lqng2xlx9i3-prybar-sqlite-0.0.0-e0d9a52/bin:/nix/store/c4w01bpjgyy5ixmwdk8m1pw87zq4sl26-prybar-tcl-0.0.0-e0d9a52/bin:/nix/store/hpbvrlwd5viqmvcaisb3x0118i913a9n-st
LD_LIBRARY_PATH=/nix/store/a4pff549sk2idnkpzk5nsfps3mdkdnvm-cups-2.4.2-lib/lib:/nix/store/72mqxxhh3cy5yifh92wh2yb8cl2hikyy-cairo-1.16.0/lib:/nix/store/2k366jrbsra97gjfxwvrhvixjfxdach5-glib-2.74.1/lib:/nix/store/2j2znigd8ak37rlwh9khz0ry3clqlw1l-gtk+3-3.24.34/lib:/nix/store/hisqvx32cd57apbpcsnkpx6k3549wql1-libglvnd-1.4.0/lib:/nix/store/p36pgcv991mq5srvg765b78yqpxvk3qs-mesa-21.3.3-drivers/lib:/nix/store/mav4251if1ahjq5vkpwycyyvnmy459c4-pulseaudio-14.2/lib
DISPLAY=:0
LANG=en_US.UTF-8

Signal Handlers:
   SIGSEGV: crash_handler in libjvm.so, mask=11100100010111111101111111111110, flags=SA_RESTART|SA_SIGINFO
    SIGBUS: crash_handler in libjvm.so, mask=11100100010111111101111111111110, flags=SA_RESTART|SA_SIGINFO
    SIGFPE: crash_handler in libjvm.so, mask=11100100010111111101111111111110, flags=SA_RESTART|SA_SIGINFO
   SIGPIPE: IsolateEnterStub_IgnoreSIGPIPEStartupHook_noopSignalHandler_8f19bff2f35b5f630d83b364d6b2339320d4ec70_216e8361c6bc87a8f89f58cc10d3b2fd4415bf87 in libjvmcicompiler.so, mask=00000000000000000000000000000000, flags=SA_RESTART
  *** Handler was modified!
  *** Expected: javaSignalHandler in libjvm.so, mask=11100100110111111111111111111110, flags=SA_RESTART|SA_SIGINFO
   SIGXFSZ: javaSignalHandler in libjvm.so, mask=11100100010111111101111111111110, flags=SA_RESTART|SA_SIGINFO
    SIGILL: crash_handler in libjvm.so, mask=11100100010111111101111111111110, flags=SA_RESTART|SA_SIGINFO
   SIGUSR2: SR_handler in libjvm.so, mask=00000000000000000000000000000000, flags=SA_RESTART|SA_SIGINFO
    SIGHUP: UserHandler in libjvm.so, mask=11100100010111111101111111111110, flags=SA_RESTART|SA_SIGINFO
    SIGINT: UserHandler in libjvm.so, mask=11100100010111111101111111111110, flags=SA_RESTART|SA_SIGINFO
   SIGTERM: UserHandler in libjvm.so, mask=11100100010111111101111111111110, flags=SA_RESTART|SA_SIGINFO
   SIGQUIT: UserHandler in libjvm.so, mask=11100100010111111101111111111110, flags=SA_RESTART|SA_SIGINFO
  *** Handler was modified!
  *** Expected: javaSignalHandler in libjvm.so, mask=11100100110111111111111111111110, flags=SA_RESTART|SA_SIGINFO
   SIGTRAP: crash_handler in libjvm.so, mask=11100100010111111101111111111110, flags=SA_RESTART|SA_SIGINFO


---------------  S Y S T E M  ---------------

OS:
DISTRIB_ID=Ubuntu
DISTRIB_RELEASE=20.04
DISTRIB_CODENAME=focal
DISTRIB_DESCRIPTION="Ubuntu 20.04.2 LTS"
uname: Linux 5.15.0-1031-gcp #38~20.04.1-Ubuntu SMP Sun Mar 12 04:47:58 UTC 2023 x86_64
OS uptime: 0 days 6:54 hours
libc: glibc 2.35 NPTL 2.35 
rlimit (soft/hard): STACK 8192k/infinity , CORE infinity/infinity , NPROC infinity/infinity , NOFILE 5242/5242 , AS infinity/infinity , CPU infinity/infinity , DATA infinity/infinity , FSIZE infinity/infinity , MEMLOCK 64k/64k
load average: 3.52 3.91 4.19

/proc/meminfo:
MemTotal:       32872700 kB
MemFree:        10164724 kB
MemAvailable:   23384036 kB
Buffers:         1599904 kB
Cached:         10756480 kB
SwapCached:            0 kB
Active:          6170620 kB
Inactive:       13417384 kB
Active(anon):      11412 kB
Inactive(anon):  7098368 kB
Active(file):    6159208 kB
Inactive(file):  6319016 kB
Unevictable:       42584 kB
Mlocked:           42584 kB
SwapTotal:             0 kB
SwapFree:              0 kB
Dirty:               932 kB
Writeback:             0 kB
AnonPages:       6765128 kB
Mapped:          1430608 kB
Shmem:             18052 kB
KReclaimable:    1206924 kB
Slab:            2409904 kB
SReclaimable:    1206924 kB
SUnreclaim:      1202980 kB
KernelStack:      351776 kB
PageTables:        86072 kB
NFS_Unstable:          0 kB
Bounce:                0 kB
WritebackTmp:          0 kB
CommitLimit:    16436348 kB
Committed_AS:   29648832 kB
VmallocTotal:   34359738367 kB
VmallocUsed:      389444 kB
VmallocChunk:          0 kB
Percpu:            29456 kB
HardwareCorrupted:     0 kB
AnonHugePages:    460800 kB
ShmemHugePages:        0 kB
ShmemPmdMapped:        0 kB
FileHugePages:         0 kB
FilePmdMapped:         0 kB
HugePages_Total:       0
HugePages_Free:        0
HugePages_Rsvd:        0
HugePages_Surp:        0
Hugepagesize:       2048 kB
Hugetlb:               0 kB
DirectMap4k:     3097408 kB
DirectMap2M:    25210880 kB
DirectMap1G:     7340032 kB

/sys/kernel/mm/transparent_hugepage/enabled: always [madvise] never
/sys/kernel/mm/transparent_hugepage/defrag (defrag/compaction efforts parameter): always defer defer+madvise [madvise] never

Process Memory:
Virtual Size: 3876712K (peak: 3941416K)
Resident Set Size: 718232K (peak: 760592K) (anon: 525396K, file: 192836K, shmem: 0K)
Swapped out: 0K
C-Heap outstanding allocations: 38405K, retained: 9922K
glibc malloc tunables: (default)

/proc/sys/kernel/threads-max (system-wide limit on the number of threads): 256750
/proc/sys/vm/max_map_count (maximum number of memory map areas a process may have): 65530
/proc/sys/kernel/pid_max (system-wide limit on number of process identifiers): 4194304

container (cgroup) information:
container_type: cgroupv1
cpu_cpuset_cpus: 1-3
cpu_memory_nodes: 0
active_processor_count: 1
cpu_quota: 50000
cpu_period: 100000
cpu_shares: 512
memory_limit_in_bytes: 1048576 k
memory_and_swap_limit_in_bytes: 1048576 k
memory_soft_limit_in_bytes: 524288 k
memory_usage_in_bytes: 572480 k
memory_max_usage_in_bytes: 1048576 k
maximum number of tasks: 1000
current number of tasks: 56

KVM virtualization detected
Steal ticks since vm start: 0
Steal ticks percentage since vm start:  0.000

CPU: total 4 (initial active 1) (4 cores per cpu, 2 threads per core) family 25 model 1 stepping 0 microcode 0xffffffff, cx8, cmov, fxsr, ht, mmx, 3dnowpref, sse, sse2, sse3, ssse3, sse4a, sse4.1, sse4.2, popcnt, lzcnt, tsc, tscinvbit, avx, avx2, aes, erms, clmul, bmi1, bmi2, adx, sha, fma, vzeroupper, clflush, clflushopt, hv
CPU Model and flags from /proc/cpuinfo:
model name	: AMD EPYC 7B13
flags		: fpu vme de pse tsc msr pae mce cx8 apic sep mtrr pge mca cmov pat pse36 clflush mmx fxsr sse sse2 ht syscall nx mmxext fxsr_opt pdpe1gb rdtscp lm constant_tsc rep_good nopl nonstop_tsc cpuid extd_apicid tsc_known_freq pni pclmulqdq ssse3 fma cx16 pcid sse4_1 sse4_2 movbe popcnt aes xsave avx f16c rdrand hypervisor lahf_lm cmp_legacy cr8_legacy abm sse4a misalignsse 3dnowprefetch osvw topoext invpcid_single ssbd ibrs ibpb stibp vmmcall fsgsbase tsc_adjust bmi1 avx2 smep bmi2 erms invpcid rdseed adx smap clflushopt clwb sha_ni xsaveopt xsavec xgetbv1 clzero xsaveerptr arat npt nrip_save umip vaes vpclmulqdq rdpid fsrm

Online cpus: 0-3
Offline cpus: 
BIOS frequency limitation: <Not Available>
Frequency switch latency (ns): <Not Available>
Available cpu frequencies: <Not Available>
Current governor: <Not Available>
Core performance/turbo boost: <Not Available>

Memory: 4k page, physical 1048576k(476088k free), swap 0k(0k free)
Page Sizes: 4k

vm_info: OpenJDK 64-Bit Server VM (17.0.5+8-jvmci-22.3-b08) for linux-amd64 JRE (17.0.5+8-jvmci-22.3-b08), built on Oct 19 2022 09:01:27 by "buildslave" with gcc 10.3.0

END.
